mode: set
github.com/arseniy96/url-shortener/internal/config/config.go:27.28,38.16 9 1
github.com/arseniy96/url-shortener/internal/config/config.go:38.16,39.13 1 0
github.com/arseniy96/url-shortener/internal/config/config.go:42.2,42.16 1 1
github.com/arseniy96/url-shortener/internal/config/config.go:27.28,38.16 9 0
github.com/arseniy96/url-shortener/internal/config/config.go:38.16,39.13 1 0
github.com/arseniy96/url-shortener/internal/config/config.go:42.2,42.16 1 0
github.com/arseniy96/url-shortener/internal/handlers/cookiemiddleware.go:26.72,31.54 1 0
github.com/arseniy96/url-shortener/internal/handlers/cookiemiddleware.go:31.54,34.17 3 0
github.com/arseniy96/url-shortener/internal/handlers/cookiemiddleware.go:34.17,36.18 2 0
github.com/arseniy96/url-shortener/internal/handlers/cookiemiddleware.go:36.18,40.5 3 0
github.com/arseniy96/url-shortener/internal/handlers/cookiemiddleware.go:41.4,48.6 2 0
github.com/arseniy96/url-shortener/internal/handlers/cookiemiddleware.go:49.9,49.51 1 0
github.com/arseniy96/url-shortener/internal/handlers/cookiemiddleware.go:49.51,50.32 1 0
github.com/arseniy96/url-shortener/internal/handlers/cookiemiddleware.go:50.32,54.5 3 0
github.com/arseniy96/url-shortener/internal/handlers/cookiemiddleware.go:56.4,57.18 2 0
github.com/arseniy96/url-shortener/internal/handlers/cookiemiddleware.go:57.18,61.5 3 0
github.com/arseniy96/url-shortener/internal/handlers/cookiemiddleware.go:62.4,69.6 2 0
github.com/arseniy96/url-shortener/internal/handlers/cookiemiddleware.go:71.3,71.20 1 0
github.com/arseniy96/url-shortener/internal/handlers/cookiemiddleware.go:75.65,79.37 1 0
github.com/arseniy96/url-shortener/internal/handlers/cookiemiddleware.go:79.37,83.17 4 0
github.com/arseniy96/url-shortener/internal/handlers/cookiemiddleware.go:83.17,85.4 1 0
github.com/arseniy96/url-shortener/internal/handlers/cookiemiddleware.go:86.3,89.17 3 0
github.com/arseniy96/url-shortener/internal/handlers/cookiemiddleware.go:89.17,91.4 1 0
github.com/arseniy96/url-shortener/internal/handlers/cookiemiddleware.go:92.3,93.17 2 0
github.com/arseniy96/url-shortener/internal/handlers/cookiemiddleware.go:93.17,95.4 1 0
github.com/arseniy96/url-shortener/internal/handlers/cookiemiddleware.go:96.8,100.17 4 0
github.com/arseniy96/url-shortener/internal/handlers/cookiemiddleware.go:100.17,102.4 1 0
github.com/arseniy96/url-shortener/internal/handlers/cookiemiddleware.go:105.2,105.20 1 0
github.com/arseniy96/url-shortener/internal/handlers/cookiemiddleware.go:108.49,114.16 3 0
github.com/arseniy96/url-shortener/internal/handlers/cookiemiddleware.go:114.16,116.3 1 0
github.com/arseniy96/url-shortener/internal/handlers/cookiemiddleware.go:118.2,118.25 1 0
github.com/arseniy96/url-shortener/internal/handlers/cookiemiddleware.go:121.54,124.43 2 0
github.com/arseniy96/url-shortener/internal/handlers/cookiemiddleware.go:124.43,125.55 1 0
github.com/arseniy96/url-shortener/internal/handlers/cookiemiddleware.go:125.55,127.5 1 0
github.com/arseniy96/url-shortener/internal/handlers/cookiemiddleware.go:128.4,128.33 1 0
github.com/arseniy96/url-shortener/internal/handlers/cookiemiddleware.go:130.2,130.16 1 0
github.com/arseniy96/url-shortener/internal/handlers/cookiemiddleware.go:130.16,133.3 2 0
github.com/arseniy96/url-shortener/internal/handlers/cookiemiddleware.go:135.2,135.18 1 0
github.com/arseniy96/url-shortener/internal/handlers/cookiemiddleware.go:135.18,138.3 2 0
github.com/arseniy96/url-shortener/internal/handlers/cookiemiddleware.go:140.2,144.19 5 0
github.com/arseniy96/url-shortener/internal/handlers/create_links_batch.go:13.86,20.46 5 0
github.com/arseniy96/url-shortener/internal/handlers/create_links_batch.go:20.46,23.3 2 0
github.com/arseniy96/url-shortener/internal/handlers/create_links_batch.go:25.2,25.26 1 0
github.com/arseniy96/url-shortener/internal/handlers/create_links_batch.go:25.26,40.3 4 0
github.com/arseniy96/url-shortener/internal/handlers/create_links_batch.go:42.2,45.16 4 0
github.com/arseniy96/url-shortener/internal/handlers/create_links_batch.go:45.16,48.3 2 0
github.com/arseniy96/url-shortener/internal/handlers/create_links_batch.go:50.2,54.49 4 0
github.com/arseniy96/url-shortener/internal/handlers/create_links_batch.go:54.49,57.3 2 0
github.com/arseniy96/url-shortener/internal/handlers/createlink.go:23.80,28.34 4 1
github.com/arseniy96/url-shortener/internal/handlers/createlink.go:28.34,31.3 2 1
github.com/arseniy96/url-shortener/internal/handlers/createlink.go:32.2,33.16 2 1
github.com/arseniy96/url-shortener/internal/handlers/createlink.go:33.16,36.3 2 0
github.com/arseniy96/url-shortener/internal/handlers/createlink.go:38.2,41.16 3 1
github.com/arseniy96/url-shortener/internal/handlers/createlink.go:41.16,43.42 2 0
github.com/arseniy96/url-shortener/internal/handlers/createlink.go:43.42,45.18 2 0
github.com/arseniy96/url-shortener/internal/handlers/createlink.go:45.18,48.5 2 0
github.com/arseniy96/url-shortener/internal/handlers/createlink.go:49.4,50.71 2 0
github.com/arseniy96/url-shortener/internal/handlers/createlink.go:51.9,54.4 2 0
github.com/arseniy96/url-shortener/internal/handlers/createlink.go:55.8,58.3 2 1
github.com/arseniy96/url-shortener/internal/handlers/createlink.go:59.2,60.20 2 1
github.com/arseniy96/url-shortener/internal/handlers/createlink.go:71.84,77.46 5 1
github.com/arseniy96/url-shortener/internal/handlers/createlink.go:77.46,80.3 2 0
github.com/arseniy96/url-shortener/internal/handlers/createlink.go:81.2,84.16 3 1
github.com/arseniy96/url-shortener/internal/handlers/createlink.go:84.16,87.3 2 0
github.com/arseniy96/url-shortener/internal/handlers/createlink.go:89.2,89.19 1 1
github.com/arseniy96/url-shortener/internal/handlers/createlink.go:89.19,92.3 2 1
github.com/arseniy96/url-shortener/internal/handlers/createlink.go:94.2,96.16 3 1
github.com/arseniy96/url-shortener/internal/handlers/createlink.go:96.16,97.42 1 0
github.com/arseniy96/url-shortener/internal/handlers/createlink.go:97.42,99.18 2 0
github.com/arseniy96/url-shortener/internal/handlers/createlink.go:99.18,102.5 2 0
github.com/arseniy96/url-shortener/internal/handlers/createlink.go:103.4,106.5 2 0
github.com/arseniy96/url-shortener/internal/handlers/createlink.go:107.9,110.4 2 0
github.com/arseniy96/url-shortener/internal/handlers/createlink.go:111.8,116.3 2 1
github.com/arseniy96/url-shortener/internal/handlers/createlink.go:118.2,122.45 4 1
github.com/arseniy96/url-shortener/internal/handlers/createlink.go:122.45,125.3 2 0
github.com/arseniy96/url-shortener/internal/handlers/delete_user_urls.go:12.84,16.46 3 0
github.com/arseniy96/url-shortener/internal/handlers/delete_user_urls.go:16.46,19.3 2 0
github.com/arseniy96/url-shortener/internal/handlers/delete_user_urls.go:21.2,22.16 2 0
github.com/arseniy96/url-shortener/internal/handlers/delete_user_urls.go:22.16,26.3 3 0
github.com/arseniy96/url-shortener/internal/handlers/delete_user_urls.go:28.2,34.28 3 0
github.com/arseniy96/url-shortener/internal/handlers/handlers.go:48.57,59.2 3 0
github.com/arseniy96/url-shortener/internal/handlers/handlers.go:61.39,62.36 1 0
github.com/arseniy96/url-shortener/internal/handlers/handlers.go:62.36,64.17 2 0
github.com/arseniy96/url-shortener/internal/handlers/handlers.go:64.17,66.12 2 0
github.com/arseniy96/url-shortener/internal/handlers/ping.go:10.74,11.43 1 0
github.com/arseniy96/url-shortener/internal/handlers/ping.go:11.43,14.3 2 0
github.com/arseniy96/url-shortener/internal/handlers/ping.go:16.2,17.16 2 0
github.com/arseniy96/url-shortener/internal/handlers/ping.go:17.16,21.3 3 0
github.com/arseniy96/url-shortener/internal/handlers/ping.go:23.2,24.28 2 0
github.com/arseniy96/url-shortener/internal/handlers/resolvelink.go:12.81,16.16 3 1
github.com/arseniy96/url-shortener/internal/handlers/resolvelink.go:16.16,17.41 1 1
github.com/arseniy96/url-shortener/internal/handlers/resolvelink.go:17.41,20.4 2 0
github.com/arseniy96/url-shortener/internal/handlers/resolvelink.go:21.3,22.9 2 1
github.com/arseniy96/url-shortener/internal/handlers/resolvelink.go:25.2,26.50 2 1
github.com/arseniy96/url-shortener/internal/handlers/user_urls.go:13.78,15.16 2 0
github.com/arseniy96/url-shortener/internal/handlers/user_urls.go:15.16,19.3 3 0
github.com/arseniy96/url-shortener/internal/handlers/user_urls.go:20.2,23.16 4 0
github.com/arseniy96/url-shortener/internal/handlers/user_urls.go:23.16,27.3 3 0
github.com/arseniy96/url-shortener/internal/handlers/user_urls.go:28.2,28.23 1 0
github.com/arseniy96/url-shortener/internal/handlers/user_urls.go:28.23,31.3 2 0
github.com/arseniy96/url-shortener/internal/handlers/user_urls.go:33.2,34.30 2 0
github.com/arseniy96/url-shortener/internal/handlers/user_urls.go:34.30,40.3 2 0
github.com/arseniy96/url-shortener/internal/handlers/user_urls.go:42.2,46.49 4 0
github.com/arseniy96/url-shortener/internal/handlers/user_urls.go:46.49,49.3 2 0
github.com/arseniy96/url-shortener/internal/logger/logger.go:13.37,15.16 2 0
github.com/arseniy96/url-shortener/internal/logger/logger.go:15.16,17.3 1 0
github.com/arseniy96/url-shortener/internal/logger/logger.go:18.2,21.16 4 0
github.com/arseniy96/url-shortener/internal/logger/logger.go:21.16,23.3 1 0
github.com/arseniy96/url-shortener/internal/logger/logger.go:24.2,25.12 2 0
github.com/arseniy96/url-shortener/internal/services/keygenerator/main.go:13.47,20.2 2 0
github.com/arseniy96/url-shortener/internal/services/keygenerator/main.go:28.39,31.25 3 0
github.com/arseniy96/url-shortener/internal/services/keygenerator/main.go:31.25,33.3 1 0
github.com/arseniy96/url-shortener/internal/services/keygenerator/main.go:34.2,35.46 2 0
github.com/arseniy96/url-shortener/internal/services/keygenerator/main.go:35.46,37.3 1 0
github.com/arseniy96/url-shortener/internal/services/keygenerator/main.go:38.2,38.12 1 0
github.com/arseniy96/url-shortener/internal/storage/database.go:22.60,25.16 2 0
github.com/arseniy96/url-shortener/internal/storage/database.go:25.16,27.3 1 0
github.com/arseniy96/url-shortener/internal/storage/database.go:28.2,33.22 3 0
github.com/arseniy96/url-shortener/internal/storage/database.go:36.83,42.16 4 0
github.com/arseniy96/url-shortener/internal/storage/database.go:42.16,44.3 1 0
github.com/arseniy96/url-shortener/internal/storage/database.go:46.2,46.17 1 0
github.com/arseniy96/url-shortener/internal/storage/database.go:49.94,55.16 4 0
github.com/arseniy96/url-shortener/internal/storage/database.go:55.16,57.3 1 0
github.com/arseniy96/url-shortener/internal/storage/database.go:59.2,59.17 1 0
github.com/arseniy96/url-shortener/internal/storage/database.go:62.84,68.2 2 0
github.com/arseniy96/url-shortener/internal/storage/database.go:70.83,72.16 2 0
github.com/arseniy96/url-shortener/internal/storage/database.go:72.16,74.3 1 0
github.com/arseniy96/url-shortener/internal/storage/database.go:75.2,75.15 1 0
github.com/arseniy96/url-shortener/internal/storage/database.go:75.15,76.39 1 0
github.com/arseniy96/url-shortener/internal/storage/database.go:76.39,78.4 1 0
github.com/arseniy96/url-shortener/internal/storage/database.go:81.2,81.30 1 0
github.com/arseniy96/url-shortener/internal/storage/database.go:81.30,85.17 2 0
github.com/arseniy96/url-shortener/internal/storage/database.go:85.17,86.42 1 0
github.com/arseniy96/url-shortener/internal/storage/database.go:86.42,88.5 1 0
github.com/arseniy96/url-shortener/internal/storage/database.go:89.4,89.14 1 0
github.com/arseniy96/url-shortener/internal/storage/database.go:92.2,92.20 1 0
github.com/arseniy96/url-shortener/internal/storage/database.go:95.41,98.47 3 0
github.com/arseniy96/url-shortener/internal/storage/database.go:98.47,100.3 1 0
github.com/arseniy96/url-shortener/internal/storage/database.go:102.2,102.12 1 0
github.com/arseniy96/url-shortener/internal/storage/database.go:105.35,107.2 1 0
github.com/arseniy96/url-shortener/internal/storage/database.go:109.44,117.16 4 0
github.com/arseniy96/url-shortener/internal/storage/database.go:117.16,119.3 1 0
github.com/arseniy96/url-shortener/internal/storage/database.go:121.2,123.16 2 0
github.com/arseniy96/url-shortener/internal/storage/database.go:123.16,125.3 1 0
github.com/arseniy96/url-shortener/internal/storage/database.go:127.2,134.16 2 0
github.com/arseniy96/url-shortener/internal/storage/database.go:134.16,136.3 1 0
github.com/arseniy96/url-shortener/internal/storage/database.go:138.2,140.16 2 0
github.com/arseniy96/url-shortener/internal/storage/database.go:140.16,142.3 1 0
github.com/arseniy96/url-shortener/internal/storage/database.go:144.2,144.12 1 0
github.com/arseniy96/url-shortener/internal/storage/database.go:147.104,150.16 2 0
github.com/arseniy96/url-shortener/internal/storage/database.go:150.16,152.3 1 0
github.com/arseniy96/url-shortener/internal/storage/database.go:153.2,153.15 1 0
github.com/arseniy96/url-shortener/internal/storage/database.go:153.15,154.38 1 0
github.com/arseniy96/url-shortener/internal/storage/database.go:154.38,156.4 1 0
github.com/arseniy96/url-shortener/internal/storage/database.go:158.2,158.18 1 0
github.com/arseniy96/url-shortener/internal/storage/database.go:158.18,161.17 3 0
github.com/arseniy96/url-shortener/internal/storage/database.go:161.17,163.4 1 0
github.com/arseniy96/url-shortener/internal/storage/database.go:165.3,165.33 1 0
github.com/arseniy96/url-shortener/internal/storage/database.go:167.2,168.16 2 0
github.com/arseniy96/url-shortener/internal/storage/database.go:168.16,170.3 1 0
github.com/arseniy96/url-shortener/internal/storage/database.go:172.2,172.8 1 0
github.com/arseniy96/url-shortener/internal/storage/database.go:175.89,181.16 4 0
github.com/arseniy96/url-shortener/internal/storage/database.go:181.16,183.3 1 0
github.com/arseniy96/url-shortener/internal/storage/database.go:185.2,185.19 1 0
github.com/arseniy96/url-shortener/internal/storage/database.go:188.82,194.16 4 0
github.com/arseniy96/url-shortener/internal/storage/database.go:194.16,196.3 1 0
github.com/arseniy96/url-shortener/internal/storage/database.go:198.2,198.19 1 0
github.com/arseniy96/url-shortener/internal/storage/database.go:201.68,203.16 2 0
github.com/arseniy96/url-shortener/internal/storage/database.go:203.16,205.3 1 0
github.com/arseniy96/url-shortener/internal/storage/database.go:207.2,211.16 4 0
github.com/arseniy96/url-shortener/internal/storage/database.go:211.16,213.3 1 0
github.com/arseniy96/url-shortener/internal/storage/database.go:215.2,215.19 1 0
github.com/arseniy96/url-shortener/internal/storage/database.go:218.82,221.2 2 0
github.com/arseniy96/url-shortener/internal/storage/database.go:223.114,230.16 3 0
github.com/arseniy96/url-shortener/internal/storage/database.go:230.16,232.3 1 0
github.com/arseniy96/url-shortener/internal/storage/database.go:233.2,233.15 1 0
github.com/arseniy96/url-shortener/internal/storage/database.go:233.15,234.38 1 0
github.com/arseniy96/url-shortener/internal/storage/database.go:234.38,236.4 1 0
github.com/arseniy96/url-shortener/internal/storage/database.go:239.2,239.18 1 0
github.com/arseniy96/url-shortener/internal/storage/database.go:239.18,242.17 3 0
github.com/arseniy96/url-shortener/internal/storage/database.go:242.17,244.4 1 0
github.com/arseniy96/url-shortener/internal/storage/database.go:246.3,246.33 1 0
github.com/arseniy96/url-shortener/internal/storage/database.go:248.2,249.16 2 0
github.com/arseniy96/url-shortener/internal/storage/database.go:249.16,251.3 1 0
github.com/arseniy96/url-shortener/internal/storage/database.go:253.2,253.8 1 0
github.com/arseniy96/url-shortener/internal/storage/database.go:256.85,259.30 2 0
github.com/arseniy96/url-shortener/internal/storage/database.go:259.30,261.3 1 0
github.com/arseniy96/url-shortener/internal/storage/database.go:263.2,267.12 3 0
github.com/arseniy96/url-shortener/internal/storage/mock_database.go:26.79,30.2 3 0
github.com/arseniy96/url-shortener/internal/storage/mock_database.go:33.77,35.2 1 0
github.com/arseniy96/url-shortener/internal/storage/mock_database.go:38.47,43.2 4 0
github.com/arseniy96/url-shortener/internal/storage/mock_database.go:46.67,49.2 2 0
github.com/arseniy96/url-shortener/internal/storage/mock_database.go:52.56,57.2 4 0
github.com/arseniy96/url-shortener/internal/storage/mock_database.go:60.76,63.2 2 0
github.com/arseniy96/url-shortener/internal/storage/mock_database.go:66.81,72.2 5 0
github.com/arseniy96/url-shortener/internal/storage/mock_database.go:75.88,78.2 2 0
github.com/arseniy96/url-shortener/internal/storage/mock_database.go:81.95,86.2 4 0
github.com/arseniy96/url-shortener/internal/storage/mock_database.go:89.102,92.2 2 0
github.com/arseniy96/url-shortener/internal/storage/mock_database.go:95.95,101.2 5 0
github.com/arseniy96/url-shortener/internal/storage/mock_database.go:104.94,107.2 2 0
github.com/arseniy96/url-shortener/internal/storage/mock_database.go:110.106,116.2 5 0
github.com/arseniy96/url-shortener/internal/storage/mock_database.go:119.105,122.2 2 0
github.com/arseniy96/url-shortener/internal/storage/mock_database.go:125.115,131.2 5 0
github.com/arseniy96/url-shortener/internal/storage/mock_database.go:134.110,137.2 2 0
github.com/arseniy96/url-shortener/internal/storage/mock_database.go:140.103,146.2 5 0
github.com/arseniy96/url-shortener/internal/storage/mock_database.go:149.103,152.2 2 0
github.com/arseniy96/url-shortener/internal/storage/mock_database.go:155.100,161.2 5 0
github.com/arseniy96/url-shortener/internal/storage/mock_database.go:164.100,167.2 2 0
github.com/arseniy96/url-shortener/internal/storage/mock_database.go:170.93,176.2 5 0
github.com/arseniy96/url-shortener/internal/storage/mock_database.go:179.96,182.2 2 0
github.com/arseniy96/url-shortener/internal/storage/mock_database.go:185.53,190.2 4 0
github.com/arseniy96/url-shortener/internal/storage/mock_database.go:193.73,196.2 2 0
github.com/arseniy96/url-shortener/internal/storage/mock_database.go:199.96,204.2 4 0
github.com/arseniy96/url-shortener/internal/storage/mock_database.go:207.100,210.2 2 0
github.com/arseniy96/url-shortener/internal/storage/mock_database.go:213.93,218.2 4 0
github.com/arseniy96/url-shortener/internal/storage/mock_database.go:221.100,224.2 2 0
github.com/arseniy96/url-shortener/internal/storage/mock_database.go:227.95,232.2 4 0
github.com/arseniy96/url-shortener/internal/storage/mock_database.go:235.100,238.2 2 0
github.com/arseniy96/url-shortener/internal/storage/storage.go:95.58,97.16 2 0
github.com/arseniy96/url-shortener/internal/storage/storage.go:97.16,100.3 2 0
github.com/arseniy96/url-shortener/internal/storage/storage.go:102.2,105.8 1 0
github.com/arseniy96/url-shortener/internal/storage/storage.go:108.54,110.2 1 0
github.com/arseniy96/url-shortener/internal/storage/storage.go:112.36,114.2 1 0
github.com/arseniy96/url-shortener/internal/storage/storage.go:117.68,124.26 5 0
github.com/arseniy96/url-shortener/internal/storage/storage.go:124.26,127.17 3 0
github.com/arseniy96/url-shortener/internal/storage/storage.go:127.17,129.4 1 0
github.com/arseniy96/url-shortener/internal/storage/storage.go:130.8,130.27 1 0
github.com/arseniy96/url-shortener/internal/storage/storage.go:130.27,132.3 1 0
github.com/arseniy96/url-shortener/internal/storage/storage.go:134.2,142.20 2 0
github.com/arseniy96/url-shortener/internal/storage/storage.go:146.35,147.16 1 0
github.com/arseniy96/url-shortener/internal/storage/storage.go:148.16,150.17 2 0
github.com/arseniy96/url-shortener/internal/storage/storage.go:150.17,152.4 1 0
github.com/arseniy96/url-shortener/internal/storage/storage.go:153.3,153.16 1 0
github.com/arseniy96/url-shortener/internal/storage/storage.go:153.16,154.39 1 0
github.com/arseniy96/url-shortener/internal/storage/storage.go:154.39,156.5 1 0
github.com/arseniy96/url-shortener/internal/storage/storage.go:159.3,161.26 2 0
github.com/arseniy96/url-shortener/internal/storage/storage.go:161.26,165.18 4 0
github.com/arseniy96/url-shortener/internal/storage/storage.go:165.18,167.13 2 0
github.com/arseniy96/url-shortener/internal/storage/storage.go:170.4,170.49 1 0
github.com/arseniy96/url-shortener/internal/storage/storage.go:172.14,174.17 2 0
github.com/arseniy96/url-shortener/internal/storage/storage.go:174.17,177.4 2 0
github.com/arseniy96/url-shortener/internal/storage/storage.go:180.2,180.12 1 0
github.com/arseniy96/url-shortener/internal/storage/storage.go:184.56,192.22 3 0
github.com/arseniy96/url-shortener/internal/storage/storage.go:192.22,197.17 4 0
github.com/arseniy96/url-shortener/internal/storage/storage.go:197.17,199.4 1 0
github.com/arseniy96/url-shortener/internal/storage/storage.go:200.3,201.17 2 0
github.com/arseniy96/url-shortener/internal/storage/storage.go:201.17,203.86 2 0
github.com/arseniy96/url-shortener/internal/storage/storage.go:203.86,205.5 1 0
github.com/arseniy96/url-shortener/internal/storage/storage.go:207.4,208.14 2 0
github.com/arseniy96/url-shortener/internal/storage/storage.go:210.8,210.31 1 0
github.com/arseniy96/url-shortener/internal/storage/storage.go:210.31,212.17 2 0
github.com/arseniy96/url-shortener/internal/storage/storage.go:212.17,215.4 2 0
github.com/arseniy96/url-shortener/internal/storage/storage.go:216.3,217.16 2 0
github.com/arseniy96/url-shortener/internal/storage/storage.go:217.16,218.47 1 0
github.com/arseniy96/url-shortener/internal/storage/storage.go:218.47,220.5 1 0
github.com/arseniy96/url-shortener/internal/storage/storage.go:223.3,224.17 2 0
github.com/arseniy96/url-shortener/internal/storage/storage.go:224.17,227.4 2 0
github.com/arseniy96/url-shortener/internal/storage/storage.go:229.2,230.12 2 0
github.com/arseniy96/url-shortener/internal/storage/storage.go:234.51,235.22 1 0
github.com/arseniy96/url-shortener/internal/storage/storage.go:235.22,239.17 4 0
github.com/arseniy96/url-shortener/internal/storage/storage.go:239.17,241.4 1 0
github.com/arseniy96/url-shortener/internal/storage/storage.go:242.3,242.22 1 0
github.com/arseniy96/url-shortener/internal/storage/storage.go:242.22,244.4 1 0
github.com/arseniy96/url-shortener/internal/storage/storage.go:245.3,245.30 1 0
github.com/arseniy96/url-shortener/internal/storage/storage.go:247.2,248.12 2 0
github.com/arseniy96/url-shortener/internal/storage/storage.go:248.12,250.3 1 0
github.com/arseniy96/url-shortener/internal/storage/storage.go:251.2,251.19 1 0
github.com/arseniy96/url-shortener/internal/storage/storage.go:255.68,256.22 1 0
github.com/arseniy96/url-shortener/internal/storage/storage.go:256.22,260.17 4 0
github.com/arseniy96/url-shortener/internal/storage/storage.go:260.17,262.4 1 0
github.com/arseniy96/url-shortener/internal/storage/storage.go:263.3,263.27 1 0
github.com/arseniy96/url-shortener/internal/storage/storage.go:266.2,266.24 1 0
github.com/arseniy96/url-shortener/internal/storage/storage.go:270.73,271.22 1 0
github.com/arseniy96/url-shortener/internal/storage/storage.go:271.22,273.17 2 0
github.com/arseniy96/url-shortener/internal/storage/storage.go:273.17,275.4 1 0
github.com/arseniy96/url-shortener/internal/storage/storage.go:276.8,276.31 1 0
github.com/arseniy96/url-shortener/internal/storage/storage.go:276.31,278.17 2 0
github.com/arseniy96/url-shortener/internal/storage/storage.go:278.17,280.4 1 0
github.com/arseniy96/url-shortener/internal/storage/storage.go:281.3,282.16 2 0
github.com/arseniy96/url-shortener/internal/storage/storage.go:282.16,283.47 1 0
github.com/arseniy96/url-shortener/internal/storage/storage.go:283.47,285.5 1 0
github.com/arseniy96/url-shortener/internal/storage/storage.go:289.2,289.33 1 0
github.com/arseniy96/url-shortener/internal/storage/storage.go:289.33,290.25 1 0
github.com/arseniy96/url-shortener/internal/storage/storage.go:290.25,292.18 2 0
github.com/arseniy96/url-shortener/internal/storage/storage.go:292.18,294.5 1 0
github.com/arseniy96/url-shortener/internal/storage/storage.go:296.3,296.48 1 0
github.com/arseniy96/url-shortener/internal/storage/storage.go:299.2,299.12 1 0
github.com/arseniy96/url-shortener/internal/storage/storage.go:303.83,304.22 1 0
github.com/arseniy96/url-shortener/internal/storage/storage.go:304.22,306.17 2 0
github.com/arseniy96/url-shortener/internal/storage/storage.go:306.17,308.4 1 0
github.com/arseniy96/url-shortener/internal/storage/storage.go:309.3,310.17 2 0
github.com/arseniy96/url-shortener/internal/storage/storage.go:310.17,312.4 1 0
github.com/arseniy96/url-shortener/internal/storage/storage.go:313.3,313.22 1 0
github.com/arseniy96/url-shortener/internal/storage/storage.go:316.2,316.25 1 0
github.com/arseniy96/url-shortener/internal/storage/storage.go:320.80,321.22 1 0
github.com/arseniy96/url-shortener/internal/storage/storage.go:321.22,323.3 1 0
github.com/arseniy96/url-shortener/internal/storage/storage.go:325.2,325.25 1 0
github.com/arseniy96/url-shortener/internal/storage/storage.go:329.66,330.22 1 0
github.com/arseniy96/url-shortener/internal/storage/storage.go:330.22,332.3 1 0
github.com/arseniy96/url-shortener/internal/storage/storage.go:334.2,334.25 1 0
github.com/arseniy96/url-shortener/internal/storage/storage.go:338.80,339.22 1 0
github.com/arseniy96/url-shortener/internal/storage/storage.go:339.22,341.3 1 0
github.com/arseniy96/url-shortener/internal/storage/storage.go:343.2,343.20 1 0
github.com/arseniy96/url-shortener/internal/storage/storage.go:347.66,352.16 4 0
github.com/arseniy96/url-shortener/internal/storage/storage.go:352.16,354.3 1 0
github.com/arseniy96/url-shortener/internal/storage/storage.go:355.2,360.16 4 0
github.com/arseniy96/url-shortener/internal/storage/storage.go:360.16,362.3 1 0
github.com/arseniy96/url-shortener/internal/storage/storage.go:364.2,364.30 1 0
github.com/arseniy96/url-shortener/internal/storage/storage.go:364.30,365.27 1 0
github.com/arseniy96/url-shortener/internal/storage/storage.go:365.27,367.4 1 0
github.com/arseniy96/url-shortener/internal/storage/storage.go:370.2,370.30 1 0
github.com/arseniy96/url-shortener/internal/storage/storage.go:370.30,372.3 1 0
github.com/arseniy96/url-shortener/internal/storage/storage.go:374.2,374.59 1 0
github.com/arseniy96/url-shortener/internal/storage/storage.go:378.39,380.2 1 0
github.com/arseniy96/url-shortener/internal/storage/storage.go:383.43,385.2 1 0
github.com/arseniy96/url-shortener/internal/storage/storage.go:388.33,390.2 1 0
github.com/arseniy96/url-shortener/internal/services/keygenerator/main.go:13.47,20.2 2 1
github.com/arseniy96/url-shortener/internal/services/keygenerator/main.go:28.39,31.25 3 1
github.com/arseniy96/url-shortener/internal/services/keygenerator/main.go:31.25,33.3 1 1
github.com/arseniy96/url-shortener/internal/services/keygenerator/main.go:34.2,35.46 2 1
github.com/arseniy96/url-shortener/internal/services/keygenerator/main.go:35.46,37.3 1 0
github.com/arseniy96/url-shortener/internal/services/keygenerator/main.go:38.2,38.12 1 1
github.com/arseniy96/url-shortener/internal/logger/logger.go:13.37,15.16 2 1
github.com/arseniy96/url-shortener/internal/logger/logger.go:15.16,17.3 1 0
github.com/arseniy96/url-shortener/internal/logger/logger.go:18.2,21.16 4 1
github.com/arseniy96/url-shortener/internal/logger/logger.go:21.16,23.3 1 0
github.com/arseniy96/url-shortener/internal/logger/logger.go:24.2,25.12 2 1
github.com/arseniy96/url-shortener/internal/logger/logger.go:13.37,15.16 2 0
github.com/arseniy96/url-shortener/internal/logger/logger.go:15.16,17.3 1 0
github.com/arseniy96/url-shortener/internal/logger/logger.go:18.2,21.16 4 0
github.com/arseniy96/url-shortener/internal/logger/logger.go:21.16,23.3 1 0
github.com/arseniy96/url-shortener/internal/logger/logger.go:24.2,25.12 2 0
github.com/arseniy96/url-shortener/internal/storage/database.go:22.60,25.16 2 0
github.com/arseniy96/url-shortener/internal/storage/database.go:25.16,27.3 1 0
github.com/arseniy96/url-shortener/internal/storage/database.go:28.2,33.22 3 0
github.com/arseniy96/url-shortener/internal/storage/database.go:36.83,42.16 4 0
github.com/arseniy96/url-shortener/internal/storage/database.go:42.16,44.3 1 0
github.com/arseniy96/url-shortener/internal/storage/database.go:46.2,46.17 1 0
github.com/arseniy96/url-shortener/internal/storage/database.go:49.94,55.16 4 0
github.com/arseniy96/url-shortener/internal/storage/database.go:55.16,57.3 1 0
github.com/arseniy96/url-shortener/internal/storage/database.go:59.2,59.17 1 0
github.com/arseniy96/url-shortener/internal/storage/database.go:62.84,68.2 2 0
github.com/arseniy96/url-shortener/internal/storage/database.go:70.83,72.16 2 0
github.com/arseniy96/url-shortener/internal/storage/database.go:72.16,74.3 1 0
github.com/arseniy96/url-shortener/internal/storage/database.go:75.2,75.15 1 0
github.com/arseniy96/url-shortener/internal/storage/database.go:75.15,76.39 1 0
github.com/arseniy96/url-shortener/internal/storage/database.go:76.39,78.4 1 0
github.com/arseniy96/url-shortener/internal/storage/database.go:81.2,81.30 1 0
github.com/arseniy96/url-shortener/internal/storage/database.go:81.30,85.17 2 0
github.com/arseniy96/url-shortener/internal/storage/database.go:85.17,86.42 1 0
github.com/arseniy96/url-shortener/internal/storage/database.go:86.42,88.5 1 0
github.com/arseniy96/url-shortener/internal/storage/database.go:89.4,89.14 1 0
github.com/arseniy96/url-shortener/internal/storage/database.go:92.2,92.20 1 0
github.com/arseniy96/url-shortener/internal/storage/database.go:95.41,98.47 3 0
github.com/arseniy96/url-shortener/internal/storage/database.go:98.47,100.3 1 0
github.com/arseniy96/url-shortener/internal/storage/database.go:102.2,102.12 1 0
github.com/arseniy96/url-shortener/internal/storage/database.go:105.35,107.2 1 0
github.com/arseniy96/url-shortener/internal/storage/database.go:109.44,117.16 4 0
github.com/arseniy96/url-shortener/internal/storage/database.go:117.16,119.3 1 0
github.com/arseniy96/url-shortener/internal/storage/database.go:121.2,123.16 2 0
github.com/arseniy96/url-shortener/internal/storage/database.go:123.16,125.3 1 0
github.com/arseniy96/url-shortener/internal/storage/database.go:127.2,134.16 2 0
github.com/arseniy96/url-shortener/internal/storage/database.go:134.16,136.3 1 0
github.com/arseniy96/url-shortener/internal/storage/database.go:138.2,140.16 2 0
github.com/arseniy96/url-shortener/internal/storage/database.go:140.16,142.3 1 0
github.com/arseniy96/url-shortener/internal/storage/database.go:144.2,144.12 1 0
github.com/arseniy96/url-shortener/internal/storage/database.go:147.104,150.16 2 0
github.com/arseniy96/url-shortener/internal/storage/database.go:150.16,152.3 1 0
github.com/arseniy96/url-shortener/internal/storage/database.go:153.2,153.15 1 0
github.com/arseniy96/url-shortener/internal/storage/database.go:153.15,154.38 1 0
github.com/arseniy96/url-shortener/internal/storage/database.go:154.38,156.4 1 0
github.com/arseniy96/url-shortener/internal/storage/database.go:158.2,158.18 1 0
github.com/arseniy96/url-shortener/internal/storage/database.go:158.18,161.17 3 0
github.com/arseniy96/url-shortener/internal/storage/database.go:161.17,163.4 1 0
github.com/arseniy96/url-shortener/internal/storage/database.go:165.3,165.33 1 0
github.com/arseniy96/url-shortener/internal/storage/database.go:167.2,168.16 2 0
github.com/arseniy96/url-shortener/internal/storage/database.go:168.16,170.3 1 0
github.com/arseniy96/url-shortener/internal/storage/database.go:172.2,172.8 1 0
github.com/arseniy96/url-shortener/internal/storage/database.go:175.89,181.16 4 0
github.com/arseniy96/url-shortener/internal/storage/database.go:181.16,183.3 1 0
github.com/arseniy96/url-shortener/internal/storage/database.go:185.2,185.19 1 0
github.com/arseniy96/url-shortener/internal/storage/database.go:188.82,194.16 4 0
github.com/arseniy96/url-shortener/internal/storage/database.go:194.16,196.3 1 0
github.com/arseniy96/url-shortener/internal/storage/database.go:198.2,198.19 1 0
github.com/arseniy96/url-shortener/internal/storage/database.go:201.68,203.16 2 0
github.com/arseniy96/url-shortener/internal/storage/database.go:203.16,205.3 1 0
github.com/arseniy96/url-shortener/internal/storage/database.go:207.2,211.16 4 0
github.com/arseniy96/url-shortener/internal/storage/database.go:211.16,213.3 1 0
github.com/arseniy96/url-shortener/internal/storage/database.go:215.2,215.19 1 0
github.com/arseniy96/url-shortener/internal/storage/database.go:218.82,221.2 2 0
github.com/arseniy96/url-shortener/internal/storage/database.go:223.114,230.16 3 0
github.com/arseniy96/url-shortener/internal/storage/database.go:230.16,232.3 1 0
github.com/arseniy96/url-shortener/internal/storage/database.go:233.2,233.15 1 0
github.com/arseniy96/url-shortener/internal/storage/database.go:233.15,234.38 1 0
github.com/arseniy96/url-shortener/internal/storage/database.go:234.38,236.4 1 0
github.com/arseniy96/url-shortener/internal/storage/database.go:239.2,239.18 1 0
github.com/arseniy96/url-shortener/internal/storage/database.go:239.18,242.17 3 0
github.com/arseniy96/url-shortener/internal/storage/database.go:242.17,244.4 1 0
github.com/arseniy96/url-shortener/internal/storage/database.go:246.3,246.33 1 0
github.com/arseniy96/url-shortener/internal/storage/database.go:248.2,249.16 2 0
github.com/arseniy96/url-shortener/internal/storage/database.go:249.16,251.3 1 0
github.com/arseniy96/url-shortener/internal/storage/database.go:253.2,253.8 1 0
github.com/arseniy96/url-shortener/internal/storage/database.go:256.85,259.30 2 0
github.com/arseniy96/url-shortener/internal/storage/database.go:259.30,261.3 1 0
github.com/arseniy96/url-shortener/internal/storage/database.go:263.2,267.12 3 0
github.com/arseniy96/url-shortener/internal/storage/mock_database.go:26.79,30.2 3 1
github.com/arseniy96/url-shortener/internal/storage/mock_database.go:33.77,35.2 1 1
github.com/arseniy96/url-shortener/internal/storage/mock_database.go:38.47,43.2 4 1
github.com/arseniy96/url-shortener/internal/storage/mock_database.go:46.67,49.2 2 1
github.com/arseniy96/url-shortener/internal/storage/mock_database.go:52.56,57.2 4 1
github.com/arseniy96/url-shortener/internal/storage/mock_database.go:60.76,63.2 2 1
github.com/arseniy96/url-shortener/internal/storage/mock_database.go:66.81,72.2 5 1
github.com/arseniy96/url-shortener/internal/storage/mock_database.go:75.88,78.2 2 1
github.com/arseniy96/url-shortener/internal/storage/mock_database.go:81.95,86.2 4 1
github.com/arseniy96/url-shortener/internal/storage/mock_database.go:89.102,92.2 2 1
github.com/arseniy96/url-shortener/internal/storage/mock_database.go:95.95,101.2 5 1
github.com/arseniy96/url-shortener/internal/storage/mock_database.go:104.94,107.2 2 1
github.com/arseniy96/url-shortener/internal/storage/mock_database.go:110.106,116.2 5 1
github.com/arseniy96/url-shortener/internal/storage/mock_database.go:119.105,122.2 2 1
github.com/arseniy96/url-shortener/internal/storage/mock_database.go:125.115,131.2 5 1
github.com/arseniy96/url-shortener/internal/storage/mock_database.go:134.110,137.2 2 1
github.com/arseniy96/url-shortener/internal/storage/mock_database.go:140.103,146.2 5 1
github.com/arseniy96/url-shortener/internal/storage/mock_database.go:149.103,152.2 2 1
github.com/arseniy96/url-shortener/internal/storage/mock_database.go:155.100,161.2 5 1
github.com/arseniy96/url-shortener/internal/storage/mock_database.go:164.100,167.2 2 1
github.com/arseniy96/url-shortener/internal/storage/mock_database.go:170.93,176.2 5 1
github.com/arseniy96/url-shortener/internal/storage/mock_database.go:179.96,182.2 2 1
github.com/arseniy96/url-shortener/internal/storage/mock_database.go:185.53,190.2 4 1
github.com/arseniy96/url-shortener/internal/storage/mock_database.go:193.73,196.2 2 1
github.com/arseniy96/url-shortener/internal/storage/mock_database.go:199.96,204.2 4 1
github.com/arseniy96/url-shortener/internal/storage/mock_database.go:207.100,210.2 2 1
github.com/arseniy96/url-shortener/internal/storage/mock_database.go:213.93,218.2 4 1
github.com/arseniy96/url-shortener/internal/storage/mock_database.go:221.100,224.2 2 1
github.com/arseniy96/url-shortener/internal/storage/mock_database.go:227.95,232.2 4 1
github.com/arseniy96/url-shortener/internal/storage/mock_database.go:235.100,238.2 2 1
github.com/arseniy96/url-shortener/internal/storage/storage.go:95.58,97.16 2 0
github.com/arseniy96/url-shortener/internal/storage/storage.go:97.16,100.3 2 0
github.com/arseniy96/url-shortener/internal/storage/storage.go:102.2,105.8 1 0
github.com/arseniy96/url-shortener/internal/storage/storage.go:108.54,110.2 1 0
github.com/arseniy96/url-shortener/internal/storage/storage.go:112.36,114.2 1 0
github.com/arseniy96/url-shortener/internal/storage/storage.go:117.68,124.26 5 1
github.com/arseniy96/url-shortener/internal/storage/storage.go:124.26,127.17 3 0
github.com/arseniy96/url-shortener/internal/storage/storage.go:127.17,129.4 1 0
github.com/arseniy96/url-shortener/internal/storage/storage.go:130.8,130.27 1 1
github.com/arseniy96/url-shortener/internal/storage/storage.go:130.27,132.3 1 0
github.com/arseniy96/url-shortener/internal/storage/storage.go:134.2,142.20 2 1
github.com/arseniy96/url-shortener/internal/storage/storage.go:146.35,147.16 1 1
github.com/arseniy96/url-shortener/internal/storage/storage.go:148.16,150.17 2 0
github.com/arseniy96/url-shortener/internal/storage/storage.go:150.17,152.4 1 0
github.com/arseniy96/url-shortener/internal/storage/storage.go:153.3,153.16 1 0
github.com/arseniy96/url-shortener/internal/storage/storage.go:153.16,154.39 1 0
github.com/arseniy96/url-shortener/internal/storage/storage.go:154.39,156.5 1 0
github.com/arseniy96/url-shortener/internal/storage/storage.go:159.3,161.26 2 0
github.com/arseniy96/url-shortener/internal/storage/storage.go:161.26,165.18 4 0
github.com/arseniy96/url-shortener/internal/storage/storage.go:165.18,167.13 2 0
github.com/arseniy96/url-shortener/internal/storage/storage.go:170.4,170.49 1 0
github.com/arseniy96/url-shortener/internal/storage/storage.go:172.14,174.17 2 1
github.com/arseniy96/url-shortener/internal/storage/storage.go:174.17,177.4 2 0
github.com/arseniy96/url-shortener/internal/storage/storage.go:180.2,180.12 1 1
github.com/arseniy96/url-shortener/internal/storage/storage.go:184.56,192.22 3 1
github.com/arseniy96/url-shortener/internal/storage/storage.go:192.22,197.17 4 1
github.com/arseniy96/url-shortener/internal/storage/storage.go:197.17,199.4 1 0
github.com/arseniy96/url-shortener/internal/storage/storage.go:200.3,201.17 2 1
github.com/arseniy96/url-shortener/internal/storage/storage.go:201.17,203.86 2 1
github.com/arseniy96/url-shortener/internal/storage/storage.go:203.86,205.5 1 1
github.com/arseniy96/url-shortener/internal/storage/storage.go:207.4,208.14 2 0
github.com/arseniy96/url-shortener/internal/storage/storage.go:210.8,210.31 1 0
github.com/arseniy96/url-shortener/internal/storage/storage.go:210.31,212.17 2 0
github.com/arseniy96/url-shortener/internal/storage/storage.go:212.17,215.4 2 0
github.com/arseniy96/url-shortener/internal/storage/storage.go:216.3,217.16 2 0
github.com/arseniy96/url-shortener/internal/storage/storage.go:217.16,218.47 1 0
github.com/arseniy96/url-shortener/internal/storage/storage.go:218.47,220.5 1 0
github.com/arseniy96/url-shortener/internal/storage/storage.go:223.3,224.17 2 0
github.com/arseniy96/url-shortener/internal/storage/storage.go:224.17,227.4 2 0
github.com/arseniy96/url-shortener/internal/storage/storage.go:229.2,230.12 2 1
github.com/arseniy96/url-shortener/internal/storage/storage.go:234.51,235.22 1 1
github.com/arseniy96/url-shortener/internal/storage/storage.go:235.22,239.17 4 1
github.com/arseniy96/url-shortener/internal/storage/storage.go:239.17,241.4 1 0
github.com/arseniy96/url-shortener/internal/storage/storage.go:242.3,242.22 1 1
github.com/arseniy96/url-shortener/internal/storage/storage.go:242.22,244.4 1 1
github.com/arseniy96/url-shortener/internal/storage/storage.go:245.3,245.30 1 1
github.com/arseniy96/url-shortener/internal/storage/storage.go:247.2,248.12 2 1
github.com/arseniy96/url-shortener/internal/storage/storage.go:248.12,250.3 1 1
github.com/arseniy96/url-shortener/internal/storage/storage.go:251.2,251.19 1 1
github.com/arseniy96/url-shortener/internal/storage/storage.go:255.68,256.22 1 1
github.com/arseniy96/url-shortener/internal/storage/storage.go:256.22,260.17 4 1
github.com/arseniy96/url-shortener/internal/storage/storage.go:260.17,262.4 1 1
github.com/arseniy96/url-shortener/internal/storage/storage.go:263.3,263.27 1 1
github.com/arseniy96/url-shortener/internal/storage/storage.go:266.2,266.24 1 1
github.com/arseniy96/url-shortener/internal/storage/storage.go:270.73,271.22 1 1
github.com/arseniy96/url-shortener/internal/storage/storage.go:271.22,273.17 2 1
github.com/arseniy96/url-shortener/internal/storage/storage.go:273.17,275.4 1 0
github.com/arseniy96/url-shortener/internal/storage/storage.go:276.8,276.31 1 0
github.com/arseniy96/url-shortener/internal/storage/storage.go:276.31,278.17 2 0
github.com/arseniy96/url-shortener/internal/storage/storage.go:278.17,280.4 1 0
github.com/arseniy96/url-shortener/internal/storage/storage.go:281.3,282.16 2 0
github.com/arseniy96/url-shortener/internal/storage/storage.go:282.16,283.47 1 0
github.com/arseniy96/url-shortener/internal/storage/storage.go:283.47,285.5 1 0
github.com/arseniy96/url-shortener/internal/storage/storage.go:289.2,289.33 1 1
github.com/arseniy96/url-shortener/internal/storage/storage.go:289.33,290.25 1 1
github.com/arseniy96/url-shortener/internal/storage/storage.go:290.25,292.18 2 0
github.com/arseniy96/url-shortener/internal/storage/storage.go:292.18,294.5 1 0
github.com/arseniy96/url-shortener/internal/storage/storage.go:296.3,296.48 1 1
github.com/arseniy96/url-shortener/internal/storage/storage.go:299.2,299.12 1 1
github.com/arseniy96/url-shortener/internal/storage/storage.go:303.83,304.22 1 1
github.com/arseniy96/url-shortener/internal/storage/storage.go:304.22,306.17 2 1
github.com/arseniy96/url-shortener/internal/storage/storage.go:306.17,308.4 1 1
github.com/arseniy96/url-shortener/internal/storage/storage.go:309.3,310.17 2 1
github.com/arseniy96/url-shortener/internal/storage/storage.go:310.17,312.4 1 1
github.com/arseniy96/url-shortener/internal/storage/storage.go:313.3,313.22 1 1
github.com/arseniy96/url-shortener/internal/storage/storage.go:316.2,316.25 1 1
github.com/arseniy96/url-shortener/internal/storage/storage.go:320.80,321.22 1 1
github.com/arseniy96/url-shortener/internal/storage/storage.go:321.22,323.3 1 1
github.com/arseniy96/url-shortener/internal/storage/storage.go:325.2,325.25 1 1
github.com/arseniy96/url-shortener/internal/storage/storage.go:329.66,330.22 1 1
github.com/arseniy96/url-shortener/internal/storage/storage.go:330.22,332.3 1 1
github.com/arseniy96/url-shortener/internal/storage/storage.go:334.2,334.25 1 1
github.com/arseniy96/url-shortener/internal/storage/storage.go:338.80,339.22 1 1
github.com/arseniy96/url-shortener/internal/storage/storage.go:339.22,341.3 1 1
github.com/arseniy96/url-shortener/internal/storage/storage.go:343.2,343.20 1 1
github.com/arseniy96/url-shortener/internal/storage/storage.go:347.66,352.16 4 1
github.com/arseniy96/url-shortener/internal/storage/storage.go:352.16,354.3 1 1
github.com/arseniy96/url-shortener/internal/storage/storage.go:355.2,360.16 4 1
github.com/arseniy96/url-shortener/internal/storage/storage.go:360.16,362.3 1 1
github.com/arseniy96/url-shortener/internal/storage/storage.go:364.2,364.30 1 1
github.com/arseniy96/url-shortener/internal/storage/storage.go:364.30,365.27 1 1
github.com/arseniy96/url-shortener/internal/storage/storage.go:365.27,367.4 1 1
github.com/arseniy96/url-shortener/internal/storage/storage.go:370.2,370.30 1 1
github.com/arseniy96/url-shortener/internal/storage/storage.go:370.30,372.3 1 1
github.com/arseniy96/url-shortener/internal/storage/storage.go:374.2,374.59 1 1
github.com/arseniy96/url-shortener/internal/storage/storage.go:378.39,380.2 1 1
github.com/arseniy96/url-shortener/internal/storage/storage.go:383.43,385.2 1 1
github.com/arseniy96/url-shortener/internal/storage/storage.go:388.33,390.2 1 1
