mode: set
github.com/arseniy96/url-shortener/internal/config/config.go:27.28,38.16 9 1
github.com/arseniy96/url-shortener/internal/config/config.go:38.16,39.13 1 0
github.com/arseniy96/url-shortener/internal/config/config.go:42.2,42.16 1 1
github.com/arseniy96/url-shortener/internal/config/config.go:27.28,38.16 9 0
github.com/arseniy96/url-shortener/internal/config/config.go:38.16,39.13 1 0
github.com/arseniy96/url-shortener/internal/config/config.go:42.2,42.16 1 0
github.com/arseniy96/url-shortener/internal/handlers/cookiemiddleware.go:26.72,31.54 1 0
github.com/arseniy96/url-shortener/internal/handlers/cookiemiddleware.go:31.54,34.17 3 0
github.com/arseniy96/url-shortener/internal/handlers/cookiemiddleware.go:34.17,36.18 2 0
github.com/arseniy96/url-shortener/internal/handlers/cookiemiddleware.go:36.18,40.5 3 0
github.com/arseniy96/url-shortener/internal/handlers/cookiemiddleware.go:41.4,48.6 2 0
github.com/arseniy96/url-shortener/internal/handlers/cookiemiddleware.go:49.9,49.51 1 0
github.com/arseniy96/url-shortener/internal/handlers/cookiemiddleware.go:49.51,50.32 1 0
github.com/arseniy96/url-shortener/internal/handlers/cookiemiddleware.go:50.32,54.5 3 0
github.com/arseniy96/url-shortener/internal/handlers/cookiemiddleware.go:56.4,57.18 2 0
github.com/arseniy96/url-shortener/internal/handlers/cookiemiddleware.go:57.18,61.5 3 0
github.com/arseniy96/url-shortener/internal/handlers/cookiemiddleware.go:62.4,69.6 2 0
github.com/arseniy96/url-shortener/internal/handlers/cookiemiddleware.go:71.3,71.20 1 0
github.com/arseniy96/url-shortener/internal/handlers/cookiemiddleware.go:75.65,79.37 1 0
github.com/arseniy96/url-shortener/internal/handlers/cookiemiddleware.go:79.37,83.17 4 0
github.com/arseniy96/url-shortener/internal/handlers/cookiemiddleware.go:83.17,85.4 1 0
github.com/arseniy96/url-shortener/internal/handlers/cookiemiddleware.go:86.3,89.17 3 0
github.com/arseniy96/url-shortener/internal/handlers/cookiemiddleware.go:89.17,91.4 1 0
github.com/arseniy96/url-shortener/internal/handlers/cookiemiddleware.go:92.3,93.17 2 0
github.com/arseniy96/url-shortener/internal/handlers/cookiemiddleware.go:93.17,95.4 1 0
github.com/arseniy96/url-shortener/internal/handlers/cookiemiddleware.go:96.8,100.17 4 0
github.com/arseniy96/url-shortener/internal/handlers/cookiemiddleware.go:100.17,102.4 1 0
github.com/arseniy96/url-shortener/internal/handlers/cookiemiddleware.go:105.2,105.20 1 0
github.com/arseniy96/url-shortener/internal/handlers/cookiemiddleware.go:108.49,114.16 3 0
github.com/arseniy96/url-shortener/internal/handlers/cookiemiddleware.go:114.16,116.3 1 0
github.com/arseniy96/url-shortener/internal/handlers/cookiemiddleware.go:118.2,118.25 1 0
github.com/arseniy96/url-shortener/internal/handlers/cookiemiddleware.go:121.54,124.43 2 0
github.com/arseniy96/url-shortener/internal/handlers/cookiemiddleware.go:124.43,125.55 1 0
github.com/arseniy96/url-shortener/internal/handlers/cookiemiddleware.go:125.55,127.5 1 0
github.com/arseniy96/url-shortener/internal/handlers/cookiemiddleware.go:128.4,128.33 1 0
github.com/arseniy96/url-shortener/internal/handlers/cookiemiddleware.go:130.2,130.16 1 0
github.com/arseniy96/url-shortener/internal/handlers/cookiemiddleware.go:130.16,133.3 2 0
github.com/arseniy96/url-shortener/internal/handlers/cookiemiddleware.go:135.2,135.18 1 0
github.com/arseniy96/url-shortener/internal/handlers/cookiemiddleware.go:135.18,138.3 2 0
github.com/arseniy96/url-shortener/internal/handlers/cookiemiddleware.go:140.2,144.19 5 0
github.com/arseniy96/url-shortener/internal/handlers/create_links_batch.go:22.86,29.46 5 0
github.com/arseniy96/url-shortener/internal/handlers/create_links_batch.go:29.46,32.3 2 0
github.com/arseniy96/url-shortener/internal/handlers/create_links_batch.go:34.2,34.26 1 0
github.com/arseniy96/url-shortener/internal/handlers/create_links_batch.go:34.26,49.3 4 0
github.com/arseniy96/url-shortener/internal/handlers/create_links_batch.go:51.2,54.16 4 0
github.com/arseniy96/url-shortener/internal/handlers/create_links_batch.go:54.16,57.3 2 0
github.com/arseniy96/url-shortener/internal/handlers/create_links_batch.go:59.2,63.49 4 0
github.com/arseniy96/url-shortener/internal/handlers/create_links_batch.go:63.49,66.3 2 0
github.com/arseniy96/url-shortener/internal/handlers/createlink.go:24.80,29.34 4 1
github.com/arseniy96/url-shortener/internal/handlers/createlink.go:29.34,32.3 2 1
github.com/arseniy96/url-shortener/internal/handlers/createlink.go:33.2,34.16 2 1
github.com/arseniy96/url-shortener/internal/handlers/createlink.go:34.16,37.3 2 0
github.com/arseniy96/url-shortener/internal/handlers/createlink.go:39.2,42.16 3 1
github.com/arseniy96/url-shortener/internal/handlers/createlink.go:42.16,44.42 2 0
github.com/arseniy96/url-shortener/internal/handlers/createlink.go:44.42,46.18 2 0
github.com/arseniy96/url-shortener/internal/handlers/createlink.go:46.18,49.5 2 0
github.com/arseniy96/url-shortener/internal/handlers/createlink.go:50.4,51.64 2 0
github.com/arseniy96/url-shortener/internal/handlers/createlink.go:52.9,55.4 2 0
github.com/arseniy96/url-shortener/internal/handlers/createlink.go:56.8,59.3 2 1
github.com/arseniy96/url-shortener/internal/handlers/createlink.go:60.2,62.16 3 1
github.com/arseniy96/url-shortener/internal/handlers/createlink.go:62.16,64.3 1 0
github.com/arseniy96/url-shortener/internal/handlers/createlink.go:77.84,83.46 5 1
github.com/arseniy96/url-shortener/internal/handlers/createlink.go:83.46,86.3 2 0
github.com/arseniy96/url-shortener/internal/handlers/createlink.go:87.2,90.16 3 1
github.com/arseniy96/url-shortener/internal/handlers/createlink.go:90.16,93.3 2 0
github.com/arseniy96/url-shortener/internal/handlers/createlink.go:95.2,95.19 1 1
github.com/arseniy96/url-shortener/internal/handlers/createlink.go:95.19,98.3 2 1
github.com/arseniy96/url-shortener/internal/handlers/createlink.go:100.2,102.16 3 1
github.com/arseniy96/url-shortener/internal/handlers/createlink.go:102.16,103.42 1 0
github.com/arseniy96/url-shortener/internal/handlers/createlink.go:103.42,105.18 2 0
github.com/arseniy96/url-shortener/internal/handlers/createlink.go:105.18,108.5 2 0
github.com/arseniy96/url-shortener/internal/handlers/createlink.go:109.4,112.5 2 0
github.com/arseniy96/url-shortener/internal/handlers/createlink.go:113.9,116.4 2 0
github.com/arseniy96/url-shortener/internal/handlers/createlink.go:117.8,122.3 2 1
github.com/arseniy96/url-shortener/internal/handlers/createlink.go:124.2,128.45 4 1
github.com/arseniy96/url-shortener/internal/handlers/createlink.go:128.45,131.3 2 0
github.com/arseniy96/url-shortener/internal/handlers/delete_user_urls.go:22.84,26.46 3 0
github.com/arseniy96/url-shortener/internal/handlers/delete_user_urls.go:26.46,29.3 2 0
github.com/arseniy96/url-shortener/internal/handlers/delete_user_urls.go:31.2,32.16 2 0
github.com/arseniy96/url-shortener/internal/handlers/delete_user_urls.go:32.16,36.3 3 0
github.com/arseniy96/url-shortener/internal/handlers/delete_user_urls.go:38.2,45.16 4 0
github.com/arseniy96/url-shortener/internal/handlers/delete_user_urls.go:45.16,47.3 1 0
github.com/arseniy96/url-shortener/internal/handlers/handlers.go:52.57,63.2 3 0
github.com/arseniy96/url-shortener/internal/handlers/handlers.go:65.39,66.36 1 0
github.com/arseniy96/url-shortener/internal/handlers/handlers.go:66.36,68.17 2 0
github.com/arseniy96/url-shortener/internal/handlers/handlers.go:68.17,70.12 2 0
github.com/arseniy96/url-shortener/internal/handlers/handlers.go:75.46,77.2 1 1
github.com/arseniy96/url-shortener/internal/handlers/ping.go:17.74,18.43 1 0
github.com/arseniy96/url-shortener/internal/handlers/ping.go:18.43,21.3 2 0
github.com/arseniy96/url-shortener/internal/handlers/ping.go:23.2,24.16 2 0
github.com/arseniy96/url-shortener/internal/handlers/ping.go:24.16,28.3 3 0
github.com/arseniy96/url-shortener/internal/handlers/ping.go:30.2,32.16 3 0
github.com/arseniy96/url-shortener/internal/handlers/ping.go:32.16,34.3 1 0
github.com/arseniy96/url-shortener/internal/handlers/resolvelink.go:20.81,24.16 3 1
github.com/arseniy96/url-shortener/internal/handlers/resolvelink.go:24.16,25.41 1 1
github.com/arseniy96/url-shortener/internal/handlers/resolvelink.go:25.41,28.4 2 0
github.com/arseniy96/url-shortener/internal/handlers/resolvelink.go:29.3,30.9 2 1
github.com/arseniy96/url-shortener/internal/handlers/resolvelink.go:33.2,34.50 2 1
github.com/arseniy96/url-shortener/internal/handlers/user_urls.go:21.78,23.16 2 0
github.com/arseniy96/url-shortener/internal/handlers/user_urls.go:23.16,27.3 3 0
github.com/arseniy96/url-shortener/internal/handlers/user_urls.go:28.2,31.16 4 0
github.com/arseniy96/url-shortener/internal/handlers/user_urls.go:31.16,35.3 3 0
github.com/arseniy96/url-shortener/internal/handlers/user_urls.go:36.2,36.23 1 0
github.com/arseniy96/url-shortener/internal/handlers/user_urls.go:36.23,39.3 2 0
github.com/arseniy96/url-shortener/internal/handlers/user_urls.go:41.2,42.30 2 0
github.com/arseniy96/url-shortener/internal/handlers/user_urls.go:42.30,48.3 2 0
github.com/arseniy96/url-shortener/internal/handlers/user_urls.go:50.2,54.49 4 0
github.com/arseniy96/url-shortener/internal/handlers/user_urls.go:54.49,57.3 2 0
github.com/arseniy96/url-shortener/internal/logger/logger.go:13.37,15.16 2 0
github.com/arseniy96/url-shortener/internal/logger/logger.go:15.16,17.3 1 0
github.com/arseniy96/url-shortener/internal/logger/logger.go:18.2,21.16 4 0
github.com/arseniy96/url-shortener/internal/logger/logger.go:21.16,23.3 1 0
github.com/arseniy96/url-shortener/internal/logger/logger.go:24.2,25.12 2 0
github.com/arseniy96/url-shortener/internal/services/keygenerator/main.go:13.47,20.2 2 0
github.com/arseniy96/url-shortener/internal/services/keygenerator/main.go:28.39,31.25 3 0
github.com/arseniy96/url-shortener/internal/services/keygenerator/main.go:31.25,33.3 1 0
github.com/arseniy96/url-shortener/internal/services/keygenerator/main.go:34.2,35.46 2 0
github.com/arseniy96/url-shortener/internal/services/keygenerator/main.go:35.46,37.3 1 0
github.com/arseniy96/url-shortener/internal/services/keygenerator/main.go:38.2,38.12 1 0
github.com/arseniy96/url-shortener/internal/storage/database.go:22.60,25.16 2 0
github.com/arseniy96/url-shortener/internal/storage/database.go:25.16,27.3 1 0
github.com/arseniy96/url-shortener/internal/storage/database.go:28.2,33.22 3 0
github.com/arseniy96/url-shortener/internal/storage/database.go:36.83,42.16 4 0
github.com/arseniy96/url-shortener/internal/storage/database.go:42.16,44.3 1 0
github.com/arseniy96/url-shortener/internal/storage/database.go:46.2,46.17 1 0
github.com/arseniy96/url-shortener/internal/storage/database.go:49.94,55.16 4 0
github.com/arseniy96/url-shortener/internal/storage/database.go:55.16,57.3 1 0
github.com/arseniy96/url-shortener/internal/storage/database.go:59.2,59.17 1 0
github.com/arseniy96/url-shortener/internal/storage/database.go:62.84,68.2 2 0
github.com/arseniy96/url-shortener/internal/storage/database.go:70.83,72.16 2 0
github.com/arseniy96/url-shortener/internal/storage/database.go:72.16,74.3 1 0
github.com/arseniy96/url-shortener/internal/storage/database.go:75.2,75.15 1 0
github.com/arseniy96/url-shortener/internal/storage/database.go:75.15,76.39 1 0
github.com/arseniy96/url-shortener/internal/storage/database.go:76.39,78.4 1 0
github.com/arseniy96/url-shortener/internal/storage/database.go:81.2,81.30 1 0
github.com/arseniy96/url-shortener/internal/storage/database.go:81.30,85.17 2 0
github.com/arseniy96/url-shortener/internal/storage/database.go:85.17,86.42 1 0
github.com/arseniy96/url-shortener/internal/storage/database.go:86.42,88.5 1 0
github.com/arseniy96/url-shortener/internal/storage/database.go:89.4,89.14 1 0
github.com/arseniy96/url-shortener/internal/storage/database.go:92.2,92.20 1 0
github.com/arseniy96/url-shortener/internal/storage/database.go:95.41,98.47 3 0
github.com/arseniy96/url-shortener/internal/storage/database.go:98.47,100.3 1 0
github.com/arseniy96/url-shortener/internal/storage/database.go:102.2,102.12 1 0
github.com/arseniy96/url-shortener/internal/storage/database.go:105.35,107.2 1 0
github.com/arseniy96/url-shortener/internal/storage/database.go:109.44,117.16 4 0
github.com/arseniy96/url-shortener/internal/storage/database.go:117.16,119.3 1 0
github.com/arseniy96/url-shortener/internal/storage/database.go:121.2,123.16 2 0
github.com/arseniy96/url-shortener/internal/storage/database.go:123.16,125.3 1 0
github.com/arseniy96/url-shortener/internal/storage/database.go:127.2,134.16 2 0
github.com/arseniy96/url-shortener/internal/storage/database.go:134.16,136.3 1 0
github.com/arseniy96/url-shortener/internal/storage/database.go:138.2,140.16 2 0
github.com/arseniy96/url-shortener/internal/storage/database.go:140.16,142.3 1 0
github.com/arseniy96/url-shortener/internal/storage/database.go:144.2,144.12 1 0
github.com/arseniy96/url-shortener/internal/storage/database.go:147.104,150.16 2 0
github.com/arseniy96/url-shortener/internal/storage/database.go:150.16,152.3 1 0
github.com/arseniy96/url-shortener/internal/storage/database.go:153.2,153.15 1 0
github.com/arseniy96/url-shortener/internal/storage/database.go:153.15,154.38 1 0
github.com/arseniy96/url-shortener/internal/storage/database.go:154.38,156.4 1 0
github.com/arseniy96/url-shortener/internal/storage/database.go:158.2,158.18 1 0
github.com/arseniy96/url-shortener/internal/storage/database.go:158.18,161.17 3 0
github.com/arseniy96/url-shortener/internal/storage/database.go:161.17,163.4 1 0
github.com/arseniy96/url-shortener/internal/storage/database.go:165.3,165.33 1 0
github.com/arseniy96/url-shortener/internal/storage/database.go:167.2,168.16 2 0
github.com/arseniy96/url-shortener/internal/storage/database.go:168.16,170.3 1 0
github.com/arseniy96/url-shortener/internal/storage/database.go:172.2,172.8 1 0
github.com/arseniy96/url-shortener/internal/storage/database.go:175.89,181.16 4 0
github.com/arseniy96/url-shortener/internal/storage/database.go:181.16,183.3 1 0
github.com/arseniy96/url-shortener/internal/storage/database.go:185.2,185.19 1 0
github.com/arseniy96/url-shortener/internal/storage/database.go:188.82,194.16 4 0
github.com/arseniy96/url-shortener/internal/storage/database.go:194.16,196.3 1 0
github.com/arseniy96/url-shortener/internal/storage/database.go:198.2,198.19 1 0
github.com/arseniy96/url-shortener/internal/storage/database.go:201.68,203.16 2 0
github.com/arseniy96/url-shortener/internal/storage/database.go:203.16,205.3 1 0
github.com/arseniy96/url-shortener/internal/storage/database.go:207.2,211.16 4 0
github.com/arseniy96/url-shortener/internal/storage/database.go:211.16,213.3 1 0
github.com/arseniy96/url-shortener/internal/storage/database.go:215.2,215.19 1 0
github.com/arseniy96/url-shortener/internal/storage/database.go:218.82,221.2 2 0
github.com/arseniy96/url-shortener/internal/storage/database.go:223.114,230.16 3 0
github.com/arseniy96/url-shortener/internal/storage/database.go:230.16,232.3 1 0
github.com/arseniy96/url-shortener/internal/storage/database.go:233.2,233.15 1 0
github.com/arseniy96/url-shortener/internal/storage/database.go:233.15,234.38 1 0
github.com/arseniy96/url-shortener/internal/storage/database.go:234.38,236.4 1 0
github.com/arseniy96/url-shortener/internal/storage/database.go:239.2,239.18 1 0
github.com/arseniy96/url-shortener/internal/storage/database.go:239.18,242.17 3 0
github.com/arseniy96/url-shortener/internal/storage/database.go:242.17,244.4 1 0
github.com/arseniy96/url-shortener/internal/storage/database.go:246.3,246.33 1 0
github.com/arseniy96/url-shortener/internal/storage/database.go:248.2,249.16 2 0
github.com/arseniy96/url-shortener/internal/storage/database.go:249.16,251.3 1 0
github.com/arseniy96/url-shortener/internal/storage/database.go:253.2,253.8 1 0
github.com/arseniy96/url-shortener/internal/storage/database.go:256.85,259.30 2 0
github.com/arseniy96/url-shortener/internal/storage/database.go:259.30,261.3 1 0
github.com/arseniy96/url-shortener/internal/storage/database.go:263.2,267.12 3 0
github.com/arseniy96/url-shortener/internal/storage/database.go:270.42,272.2 1 0
github.com/arseniy96/url-shortener/internal/storage/mock_database.go:26.79,30.2 3 0
github.com/arseniy96/url-shortener/internal/storage/mock_database.go:33.77,35.2 1 0
github.com/arseniy96/url-shortener/internal/storage/mock_database.go:38.47,43.2 4 0
github.com/arseniy96/url-shortener/internal/storage/mock_database.go:46.67,49.2 2 0
github.com/arseniy96/url-shortener/internal/storage/mock_database.go:52.56,57.2 4 0
github.com/arseniy96/url-shortener/internal/storage/mock_database.go:60.76,63.2 2 0
github.com/arseniy96/url-shortener/internal/storage/mock_database.go:66.81,72.2 5 0
github.com/arseniy96/url-shortener/internal/storage/mock_database.go:75.88,78.2 2 0
github.com/arseniy96/url-shortener/internal/storage/mock_database.go:81.95,86.2 4 0
github.com/arseniy96/url-shortener/internal/storage/mock_database.go:89.102,92.2 2 0
github.com/arseniy96/url-shortener/internal/storage/mock_database.go:95.95,101.2 5 0
github.com/arseniy96/url-shortener/internal/storage/mock_database.go:104.94,107.2 2 0
github.com/arseniy96/url-shortener/internal/storage/mock_database.go:110.106,116.2 5 0
github.com/arseniy96/url-shortener/internal/storage/mock_database.go:119.105,122.2 2 0
github.com/arseniy96/url-shortener/internal/storage/mock_database.go:125.115,131.2 5 0
github.com/arseniy96/url-shortener/internal/storage/mock_database.go:134.110,137.2 2 0
github.com/arseniy96/url-shortener/internal/storage/mock_database.go:140.103,146.2 5 0
github.com/arseniy96/url-shortener/internal/storage/mock_database.go:149.103,152.2 2 0
github.com/arseniy96/url-shortener/internal/storage/mock_database.go:155.100,161.2 5 0
github.com/arseniy96/url-shortener/internal/storage/mock_database.go:164.100,167.2 2 0
github.com/arseniy96/url-shortener/internal/storage/mock_database.go:170.93,176.2 5 0
github.com/arseniy96/url-shortener/internal/storage/mock_database.go:179.96,182.2 2 0
github.com/arseniy96/url-shortener/internal/storage/mock_database.go:185.53,190.2 4 0
github.com/arseniy96/url-shortener/internal/storage/mock_database.go:193.73,196.2 2 0
github.com/arseniy96/url-shortener/internal/storage/mock_database.go:199.96,204.2 4 0
github.com/arseniy96/url-shortener/internal/storage/mock_database.go:207.100,210.2 2 0
github.com/arseniy96/url-shortener/internal/storage/mock_database.go:213.93,218.2 4 0
github.com/arseniy96/url-shortener/internal/storage/mock_database.go:221.100,224.2 2 0
github.com/arseniy96/url-shortener/internal/storage/mock_database.go:227.95,232.2 4 0
github.com/arseniy96/url-shortener/internal/storage/mock_database.go:235.100,238.2 2 0
github.com/arseniy96/url-shortener/internal/storage/storage.go:96.58,98.16 2 0
github.com/arseniy96/url-shortener/internal/storage/storage.go:98.16,101.3 2 0
github.com/arseniy96/url-shortener/internal/storage/storage.go:103.2,106.8 1 0
github.com/arseniy96/url-shortener/internal/storage/storage.go:109.54,111.2 1 0
github.com/arseniy96/url-shortener/internal/storage/storage.go:113.36,115.2 1 0
github.com/arseniy96/url-shortener/internal/storage/storage.go:118.68,125.26 5 0
github.com/arseniy96/url-shortener/internal/storage/storage.go:125.26,128.17 3 0
github.com/arseniy96/url-shortener/internal/storage/storage.go:128.17,130.4 1 0
github.com/arseniy96/url-shortener/internal/storage/storage.go:131.8,131.27 1 0
github.com/arseniy96/url-shortener/internal/storage/storage.go:131.27,133.3 1 0
github.com/arseniy96/url-shortener/internal/storage/storage.go:135.2,143.20 2 0
github.com/arseniy96/url-shortener/internal/storage/storage.go:147.35,148.16 1 0
github.com/arseniy96/url-shortener/internal/storage/storage.go:149.16,151.17 2 0
github.com/arseniy96/url-shortener/internal/storage/storage.go:151.17,153.4 1 0
github.com/arseniy96/url-shortener/internal/storage/storage.go:154.3,154.16 1 0
github.com/arseniy96/url-shortener/internal/storage/storage.go:154.16,155.39 1 0
github.com/arseniy96/url-shortener/internal/storage/storage.go:155.39,157.5 1 0
github.com/arseniy96/url-shortener/internal/storage/storage.go:160.3,162.26 2 0
github.com/arseniy96/url-shortener/internal/storage/storage.go:162.26,166.18 4 0
github.com/arseniy96/url-shortener/internal/storage/storage.go:166.18,168.13 2 0
github.com/arseniy96/url-shortener/internal/storage/storage.go:171.4,171.49 1 0
github.com/arseniy96/url-shortener/internal/storage/storage.go:173.14,175.17 2 0
github.com/arseniy96/url-shortener/internal/storage/storage.go:175.17,178.4 2 0
github.com/arseniy96/url-shortener/internal/storage/storage.go:181.2,181.12 1 0
github.com/arseniy96/url-shortener/internal/storage/storage.go:185.56,193.22 3 0
github.com/arseniy96/url-shortener/internal/storage/storage.go:193.22,198.17 4 0
github.com/arseniy96/url-shortener/internal/storage/storage.go:198.17,200.4 1 0
github.com/arseniy96/url-shortener/internal/storage/storage.go:201.3,202.17 2 0
github.com/arseniy96/url-shortener/internal/storage/storage.go:202.17,204.86 2 0
github.com/arseniy96/url-shortener/internal/storage/storage.go:204.86,206.5 1 0
github.com/arseniy96/url-shortener/internal/storage/storage.go:208.4,209.14 2 0
github.com/arseniy96/url-shortener/internal/storage/storage.go:211.8,211.31 1 0
github.com/arseniy96/url-shortener/internal/storage/storage.go:211.31,213.17 2 0
github.com/arseniy96/url-shortener/internal/storage/storage.go:213.17,216.4 2 0
github.com/arseniy96/url-shortener/internal/storage/storage.go:217.3,218.16 2 0
github.com/arseniy96/url-shortener/internal/storage/storage.go:218.16,219.47 1 0
github.com/arseniy96/url-shortener/internal/storage/storage.go:219.47,221.5 1 0
github.com/arseniy96/url-shortener/internal/storage/storage.go:224.3,225.17 2 0
github.com/arseniy96/url-shortener/internal/storage/storage.go:225.17,228.4 2 0
github.com/arseniy96/url-shortener/internal/storage/storage.go:230.2,231.12 2 0
github.com/arseniy96/url-shortener/internal/storage/storage.go:235.51,236.22 1 0
github.com/arseniy96/url-shortener/internal/storage/storage.go:236.22,240.17 4 0
github.com/arseniy96/url-shortener/internal/storage/storage.go:240.17,242.4 1 0
github.com/arseniy96/url-shortener/internal/storage/storage.go:243.3,243.22 1 0
github.com/arseniy96/url-shortener/internal/storage/storage.go:243.22,245.4 1 0
github.com/arseniy96/url-shortener/internal/storage/storage.go:246.3,246.30 1 0
github.com/arseniy96/url-shortener/internal/storage/storage.go:248.2,249.12 2 0
github.com/arseniy96/url-shortener/internal/storage/storage.go:249.12,251.3 1 0
github.com/arseniy96/url-shortener/internal/storage/storage.go:252.2,252.19 1 0
github.com/arseniy96/url-shortener/internal/storage/storage.go:256.68,257.22 1 0
github.com/arseniy96/url-shortener/internal/storage/storage.go:257.22,261.17 4 0
github.com/arseniy96/url-shortener/internal/storage/storage.go:261.17,263.4 1 0
github.com/arseniy96/url-shortener/internal/storage/storage.go:264.3,264.27 1 0
github.com/arseniy96/url-shortener/internal/storage/storage.go:267.2,267.24 1 0
github.com/arseniy96/url-shortener/internal/storage/storage.go:271.73,272.22 1 0
github.com/arseniy96/url-shortener/internal/storage/storage.go:272.22,274.17 2 0
github.com/arseniy96/url-shortener/internal/storage/storage.go:274.17,276.4 1 0
github.com/arseniy96/url-shortener/internal/storage/storage.go:277.8,277.31 1 0
github.com/arseniy96/url-shortener/internal/storage/storage.go:277.31,279.17 2 0
github.com/arseniy96/url-shortener/internal/storage/storage.go:279.17,281.4 1 0
github.com/arseniy96/url-shortener/internal/storage/storage.go:282.3,283.16 2 0
github.com/arseniy96/url-shortener/internal/storage/storage.go:283.16,284.47 1 0
github.com/arseniy96/url-shortener/internal/storage/storage.go:284.47,286.5 1 0
github.com/arseniy96/url-shortener/internal/storage/storage.go:290.2,290.33 1 0
github.com/arseniy96/url-shortener/internal/storage/storage.go:290.33,291.25 1 0
github.com/arseniy96/url-shortener/internal/storage/storage.go:291.25,293.18 2 0
github.com/arseniy96/url-shortener/internal/storage/storage.go:293.18,295.5 1 0
github.com/arseniy96/url-shortener/internal/storage/storage.go:297.3,297.48 1 0
github.com/arseniy96/url-shortener/internal/storage/storage.go:300.2,300.12 1 0
github.com/arseniy96/url-shortener/internal/storage/storage.go:304.83,305.22 1 0
github.com/arseniy96/url-shortener/internal/storage/storage.go:305.22,307.17 2 0
github.com/arseniy96/url-shortener/internal/storage/storage.go:307.17,309.4 1 0
github.com/arseniy96/url-shortener/internal/storage/storage.go:310.3,311.17 2 0
github.com/arseniy96/url-shortener/internal/storage/storage.go:311.17,313.4 1 0
github.com/arseniy96/url-shortener/internal/storage/storage.go:314.3,314.22 1 0
github.com/arseniy96/url-shortener/internal/storage/storage.go:317.2,317.25 1 0
github.com/arseniy96/url-shortener/internal/storage/storage.go:321.80,322.22 1 0
github.com/arseniy96/url-shortener/internal/storage/storage.go:322.22,324.3 1 0
github.com/arseniy96/url-shortener/internal/storage/storage.go:326.2,326.25 1 0
github.com/arseniy96/url-shortener/internal/storage/storage.go:330.66,331.22 1 0
github.com/arseniy96/url-shortener/internal/storage/storage.go:331.22,333.3 1 0
github.com/arseniy96/url-shortener/internal/storage/storage.go:335.2,335.25 1 0
github.com/arseniy96/url-shortener/internal/storage/storage.go:339.80,340.22 1 0
github.com/arseniy96/url-shortener/internal/storage/storage.go:340.22,342.3 1 0
github.com/arseniy96/url-shortener/internal/storage/storage.go:344.2,344.20 1 0
github.com/arseniy96/url-shortener/internal/storage/storage.go:348.66,353.16 4 0
github.com/arseniy96/url-shortener/internal/storage/storage.go:353.16,355.3 1 0
github.com/arseniy96/url-shortener/internal/storage/storage.go:356.2,361.16 4 0
github.com/arseniy96/url-shortener/internal/storage/storage.go:361.16,363.3 1 0
github.com/arseniy96/url-shortener/internal/storage/storage.go:365.2,365.30 1 0
github.com/arseniy96/url-shortener/internal/storage/storage.go:365.30,366.27 1 0
github.com/arseniy96/url-shortener/internal/storage/storage.go:366.27,368.4 1 0
github.com/arseniy96/url-shortener/internal/storage/storage.go:371.2,371.30 1 0
github.com/arseniy96/url-shortener/internal/storage/storage.go:371.30,373.3 1 0
github.com/arseniy96/url-shortener/internal/storage/storage.go:375.2,375.59 1 0
github.com/arseniy96/url-shortener/internal/storage/storage.go:379.39,381.2 1 0
github.com/arseniy96/url-shortener/internal/storage/storage.go:384.43,386.2 1 0
github.com/arseniy96/url-shortener/internal/storage/storage.go:389.33,391.2 1 0
github.com/arseniy96/url-shortener/cmd/staticlint/exitchecker/exitchecker.go:15.52,16.34 1 1
github.com/arseniy96/url-shortener/cmd/staticlint/exitchecker/exitchecker.go:16.34,17.31 1 1
github.com/arseniy96/url-shortener/cmd/staticlint/exitchecker/exitchecker.go:17.31,19.4 1 0
github.com/arseniy96/url-shortener/cmd/staticlint/exitchecker/exitchecker.go:21.3,21.46 1 1
github.com/arseniy96/url-shortener/cmd/staticlint/exitchecker/exitchecker.go:21.46,22.28 1 1
github.com/arseniy96/url-shortener/cmd/staticlint/exitchecker/exitchecker.go:23.23,25.12 2 1
github.com/arseniy96/url-shortener/cmd/staticlint/exitchecker/exitchecker.go:25.12,27.6 1 0
github.com/arseniy96/url-shortener/cmd/staticlint/exitchecker/exitchecker.go:28.5,29.34 2 1
github.com/arseniy96/url-shortener/cmd/staticlint/exitchecker/exitchecker.go:29.34,31.6 1 0
github.com/arseniy96/url-shortener/cmd/staticlint/exitchecker/exitchecker.go:32.5,32.35 1 1
github.com/arseniy96/url-shortener/cmd/staticlint/exitchecker/exitchecker.go:32.35,34.6 1 1
github.com/arseniy96/url-shortener/cmd/staticlint/exitchecker/exitchecker.go:36.4,36.15 1 1
github.com/arseniy96/url-shortener/cmd/staticlint/exitchecker/exitchecker.go:39.2,39.17 1 1
github.com/arseniy96/url-shortener/internal/logger/logger.go:13.37,15.16 2 1
github.com/arseniy96/url-shortener/internal/logger/logger.go:15.16,17.3 1 0
github.com/arseniy96/url-shortener/internal/logger/logger.go:18.2,21.16 4 1
github.com/arseniy96/url-shortener/internal/logger/logger.go:21.16,23.3 1 0
github.com/arseniy96/url-shortener/internal/logger/logger.go:24.2,25.12 2 1
github.com/arseniy96/url-shortener/internal/services/keygenerator/main.go:13.47,20.2 2 1
github.com/arseniy96/url-shortener/internal/services/keygenerator/main.go:28.39,31.25 3 1
github.com/arseniy96/url-shortener/internal/services/keygenerator/main.go:31.25,33.3 1 1
github.com/arseniy96/url-shortener/internal/services/keygenerator/main.go:34.2,35.46 2 1
github.com/arseniy96/url-shortener/internal/services/keygenerator/main.go:35.46,37.3 1 0
github.com/arseniy96/url-shortener/internal/services/keygenerator/main.go:38.2,38.12 1 1
github.com/arseniy96/url-shortener/internal/logger/logger.go:13.37,15.16 2 0
github.com/arseniy96/url-shortener/internal/logger/logger.go:15.16,17.3 1 0
github.com/arseniy96/url-shortener/internal/logger/logger.go:18.2,21.16 4 0
github.com/arseniy96/url-shortener/internal/logger/logger.go:21.16,23.3 1 0
github.com/arseniy96/url-shortener/internal/logger/logger.go:24.2,25.12 2 0
github.com/arseniy96/url-shortener/internal/storage/database.go:22.60,25.16 2 0
github.com/arseniy96/url-shortener/internal/storage/database.go:25.16,27.3 1 0
github.com/arseniy96/url-shortener/internal/storage/database.go:28.2,33.22 3 0
github.com/arseniy96/url-shortener/internal/storage/database.go:36.83,42.16 4 0
github.com/arseniy96/url-shortener/internal/storage/database.go:42.16,44.3 1 0
github.com/arseniy96/url-shortener/internal/storage/database.go:46.2,46.17 1 0
github.com/arseniy96/url-shortener/internal/storage/database.go:49.94,55.16 4 0
github.com/arseniy96/url-shortener/internal/storage/database.go:55.16,57.3 1 0
github.com/arseniy96/url-shortener/internal/storage/database.go:59.2,59.17 1 0
github.com/arseniy96/url-shortener/internal/storage/database.go:62.84,68.2 2 0
github.com/arseniy96/url-shortener/internal/storage/database.go:70.83,72.16 2 0
github.com/arseniy96/url-shortener/internal/storage/database.go:72.16,74.3 1 0
github.com/arseniy96/url-shortener/internal/storage/database.go:75.2,75.15 1 0
github.com/arseniy96/url-shortener/internal/storage/database.go:75.15,76.39 1 0
github.com/arseniy96/url-shortener/internal/storage/database.go:76.39,78.4 1 0
github.com/arseniy96/url-shortener/internal/storage/database.go:81.2,81.30 1 0
github.com/arseniy96/url-shortener/internal/storage/database.go:81.30,85.17 2 0
github.com/arseniy96/url-shortener/internal/storage/database.go:85.17,86.42 1 0
github.com/arseniy96/url-shortener/internal/storage/database.go:86.42,88.5 1 0
github.com/arseniy96/url-shortener/internal/storage/database.go:89.4,89.14 1 0
github.com/arseniy96/url-shortener/internal/storage/database.go:92.2,92.20 1 0
github.com/arseniy96/url-shortener/internal/storage/database.go:95.41,98.47 3 0
github.com/arseniy96/url-shortener/internal/storage/database.go:98.47,100.3 1 0
github.com/arseniy96/url-shortener/internal/storage/database.go:102.2,102.12 1 0
github.com/arseniy96/url-shortener/internal/storage/database.go:105.35,107.2 1 0
github.com/arseniy96/url-shortener/internal/storage/database.go:109.44,117.16 4 0
github.com/arseniy96/url-shortener/internal/storage/database.go:117.16,119.3 1 0
github.com/arseniy96/url-shortener/internal/storage/database.go:121.2,123.16 2 0
github.com/arseniy96/url-shortener/internal/storage/database.go:123.16,125.3 1 0
github.com/arseniy96/url-shortener/internal/storage/database.go:127.2,134.16 2 0
github.com/arseniy96/url-shortener/internal/storage/database.go:134.16,136.3 1 0
github.com/arseniy96/url-shortener/internal/storage/database.go:138.2,140.16 2 0
github.com/arseniy96/url-shortener/internal/storage/database.go:140.16,142.3 1 0
github.com/arseniy96/url-shortener/internal/storage/database.go:144.2,144.12 1 0
github.com/arseniy96/url-shortener/internal/storage/database.go:147.104,150.16 2 0
github.com/arseniy96/url-shortener/internal/storage/database.go:150.16,152.3 1 0
github.com/arseniy96/url-shortener/internal/storage/database.go:153.2,153.15 1 0
github.com/arseniy96/url-shortener/internal/storage/database.go:153.15,154.38 1 0
github.com/arseniy96/url-shortener/internal/storage/database.go:154.38,156.4 1 0
github.com/arseniy96/url-shortener/internal/storage/database.go:158.2,158.18 1 0
github.com/arseniy96/url-shortener/internal/storage/database.go:158.18,161.17 3 0
github.com/arseniy96/url-shortener/internal/storage/database.go:161.17,163.4 1 0
github.com/arseniy96/url-shortener/internal/storage/database.go:165.3,165.33 1 0
github.com/arseniy96/url-shortener/internal/storage/database.go:167.2,168.16 2 0
github.com/arseniy96/url-shortener/internal/storage/database.go:168.16,170.3 1 0
github.com/arseniy96/url-shortener/internal/storage/database.go:172.2,172.8 1 0
github.com/arseniy96/url-shortener/internal/storage/database.go:175.89,181.16 4 0
github.com/arseniy96/url-shortener/internal/storage/database.go:181.16,183.3 1 0
github.com/arseniy96/url-shortener/internal/storage/database.go:185.2,185.19 1 0
github.com/arseniy96/url-shortener/internal/storage/database.go:188.82,194.16 4 0
github.com/arseniy96/url-shortener/internal/storage/database.go:194.16,196.3 1 0
github.com/arseniy96/url-shortener/internal/storage/database.go:198.2,198.19 1 0
github.com/arseniy96/url-shortener/internal/storage/database.go:201.68,203.16 2 0
github.com/arseniy96/url-shortener/internal/storage/database.go:203.16,205.3 1 0
github.com/arseniy96/url-shortener/internal/storage/database.go:207.2,211.16 4 0
github.com/arseniy96/url-shortener/internal/storage/database.go:211.16,213.3 1 0
github.com/arseniy96/url-shortener/internal/storage/database.go:215.2,215.19 1 0
github.com/arseniy96/url-shortener/internal/storage/database.go:218.82,221.2 2 0
github.com/arseniy96/url-shortener/internal/storage/database.go:223.114,230.16 3 0
github.com/arseniy96/url-shortener/internal/storage/database.go:230.16,232.3 1 0
github.com/arseniy96/url-shortener/internal/storage/database.go:233.2,233.15 1 0
github.com/arseniy96/url-shortener/internal/storage/database.go:233.15,234.38 1 0
github.com/arseniy96/url-shortener/internal/storage/database.go:234.38,236.4 1 0
github.com/arseniy96/url-shortener/internal/storage/database.go:239.2,239.18 1 0
github.com/arseniy96/url-shortener/internal/storage/database.go:239.18,242.17 3 0
github.com/arseniy96/url-shortener/internal/storage/database.go:242.17,244.4 1 0
github.com/arseniy96/url-shortener/internal/storage/database.go:246.3,246.33 1 0
github.com/arseniy96/url-shortener/internal/storage/database.go:248.2,249.16 2 0
github.com/arseniy96/url-shortener/internal/storage/database.go:249.16,251.3 1 0
github.com/arseniy96/url-shortener/internal/storage/database.go:253.2,253.8 1 0
github.com/arseniy96/url-shortener/internal/storage/database.go:256.85,259.30 2 0
github.com/arseniy96/url-shortener/internal/storage/database.go:259.30,261.3 1 0
github.com/arseniy96/url-shortener/internal/storage/database.go:263.2,267.12 3 0
github.com/arseniy96/url-shortener/internal/storage/database.go:270.42,272.2 1 0
github.com/arseniy96/url-shortener/internal/storage/mock_database.go:26.79,30.2 3 1
github.com/arseniy96/url-shortener/internal/storage/mock_database.go:33.77,35.2 1 1
github.com/arseniy96/url-shortener/internal/storage/mock_database.go:38.47,43.2 4 1
github.com/arseniy96/url-shortener/internal/storage/mock_database.go:46.67,49.2 2 1
github.com/arseniy96/url-shortener/internal/storage/mock_database.go:52.56,57.2 4 1
github.com/arseniy96/url-shortener/internal/storage/mock_database.go:60.76,63.2 2 1
github.com/arseniy96/url-shortener/internal/storage/mock_database.go:66.81,72.2 5 1
github.com/arseniy96/url-shortener/internal/storage/mock_database.go:75.88,78.2 2 1
github.com/arseniy96/url-shortener/internal/storage/mock_database.go:81.95,86.2 4 1
github.com/arseniy96/url-shortener/internal/storage/mock_database.go:89.102,92.2 2 1
github.com/arseniy96/url-shortener/internal/storage/mock_database.go:95.95,101.2 5 1
github.com/arseniy96/url-shortener/internal/storage/mock_database.go:104.94,107.2 2 1
github.com/arseniy96/url-shortener/internal/storage/mock_database.go:110.106,116.2 5 1
github.com/arseniy96/url-shortener/internal/storage/mock_database.go:119.105,122.2 2 1
github.com/arseniy96/url-shortener/internal/storage/mock_database.go:125.115,131.2 5 1
github.com/arseniy96/url-shortener/internal/storage/mock_database.go:134.110,137.2 2 1
github.com/arseniy96/url-shortener/internal/storage/mock_database.go:140.103,146.2 5 1
github.com/arseniy96/url-shortener/internal/storage/mock_database.go:149.103,152.2 2 1
github.com/arseniy96/url-shortener/internal/storage/mock_database.go:155.100,161.2 5 1
github.com/arseniy96/url-shortener/internal/storage/mock_database.go:164.100,167.2 2 1
github.com/arseniy96/url-shortener/internal/storage/mock_database.go:170.93,176.2 5 1
github.com/arseniy96/url-shortener/internal/storage/mock_database.go:179.96,182.2 2 1
github.com/arseniy96/url-shortener/internal/storage/mock_database.go:185.53,190.2 4 1
github.com/arseniy96/url-shortener/internal/storage/mock_database.go:193.73,196.2 2 1
github.com/arseniy96/url-shortener/internal/storage/mock_database.go:199.96,204.2 4 1
github.com/arseniy96/url-shortener/internal/storage/mock_database.go:207.100,210.2 2 1
github.com/arseniy96/url-shortener/internal/storage/mock_database.go:213.93,218.2 4 1
github.com/arseniy96/url-shortener/internal/storage/mock_database.go:221.100,224.2 2 1
github.com/arseniy96/url-shortener/internal/storage/mock_database.go:227.95,232.2 4 1
github.com/arseniy96/url-shortener/internal/storage/mock_database.go:235.100,238.2 2 1
github.com/arseniy96/url-shortener/internal/storage/storage.go:96.58,98.16 2 0
github.com/arseniy96/url-shortener/internal/storage/storage.go:98.16,101.3 2 0
github.com/arseniy96/url-shortener/internal/storage/storage.go:103.2,106.8 1 0
github.com/arseniy96/url-shortener/internal/storage/storage.go:109.54,111.2 1 0
github.com/arseniy96/url-shortener/internal/storage/storage.go:113.36,115.2 1 0
github.com/arseniy96/url-shortener/internal/storage/storage.go:118.68,125.26 5 1
github.com/arseniy96/url-shortener/internal/storage/storage.go:125.26,128.17 3 0
github.com/arseniy96/url-shortener/internal/storage/storage.go:128.17,130.4 1 0
github.com/arseniy96/url-shortener/internal/storage/storage.go:131.8,131.27 1 1
github.com/arseniy96/url-shortener/internal/storage/storage.go:131.27,133.3 1 0
github.com/arseniy96/url-shortener/internal/storage/storage.go:135.2,143.20 2 1
github.com/arseniy96/url-shortener/internal/storage/storage.go:147.35,148.16 1 1
github.com/arseniy96/url-shortener/internal/storage/storage.go:149.16,151.17 2 0
github.com/arseniy96/url-shortener/internal/storage/storage.go:151.17,153.4 1 0
github.com/arseniy96/url-shortener/internal/storage/storage.go:154.3,154.16 1 0
github.com/arseniy96/url-shortener/internal/storage/storage.go:154.16,155.39 1 0
github.com/arseniy96/url-shortener/internal/storage/storage.go:155.39,157.5 1 0
github.com/arseniy96/url-shortener/internal/storage/storage.go:160.3,162.26 2 0
github.com/arseniy96/url-shortener/internal/storage/storage.go:162.26,166.18 4 0
github.com/arseniy96/url-shortener/internal/storage/storage.go:166.18,168.13 2 0
github.com/arseniy96/url-shortener/internal/storage/storage.go:171.4,171.49 1 0
github.com/arseniy96/url-shortener/internal/storage/storage.go:173.14,175.17 2 1
github.com/arseniy96/url-shortener/internal/storage/storage.go:175.17,178.4 2 0
github.com/arseniy96/url-shortener/internal/storage/storage.go:181.2,181.12 1 1
github.com/arseniy96/url-shortener/internal/storage/storage.go:185.56,193.22 3 1
github.com/arseniy96/url-shortener/internal/storage/storage.go:193.22,198.17 4 1
github.com/arseniy96/url-shortener/internal/storage/storage.go:198.17,200.4 1 0
github.com/arseniy96/url-shortener/internal/storage/storage.go:201.3,202.17 2 1
github.com/arseniy96/url-shortener/internal/storage/storage.go:202.17,204.86 2 1
github.com/arseniy96/url-shortener/internal/storage/storage.go:204.86,206.5 1 1
github.com/arseniy96/url-shortener/internal/storage/storage.go:208.4,209.14 2 0
github.com/arseniy96/url-shortener/internal/storage/storage.go:211.8,211.31 1 0
github.com/arseniy96/url-shortener/internal/storage/storage.go:211.31,213.17 2 0
github.com/arseniy96/url-shortener/internal/storage/storage.go:213.17,216.4 2 0
github.com/arseniy96/url-shortener/internal/storage/storage.go:217.3,218.16 2 0
github.com/arseniy96/url-shortener/internal/storage/storage.go:218.16,219.47 1 0
github.com/arseniy96/url-shortener/internal/storage/storage.go:219.47,221.5 1 0
github.com/arseniy96/url-shortener/internal/storage/storage.go:224.3,225.17 2 0
github.com/arseniy96/url-shortener/internal/storage/storage.go:225.17,228.4 2 0
github.com/arseniy96/url-shortener/internal/storage/storage.go:230.2,231.12 2 1
github.com/arseniy96/url-shortener/internal/storage/storage.go:235.51,236.22 1 1
github.com/arseniy96/url-shortener/internal/storage/storage.go:236.22,240.17 4 1
github.com/arseniy96/url-shortener/internal/storage/storage.go:240.17,242.4 1 0
github.com/arseniy96/url-shortener/internal/storage/storage.go:243.3,243.22 1 1
github.com/arseniy96/url-shortener/internal/storage/storage.go:243.22,245.4 1 1
github.com/arseniy96/url-shortener/internal/storage/storage.go:246.3,246.30 1 1
github.com/arseniy96/url-shortener/internal/storage/storage.go:248.2,249.12 2 1
github.com/arseniy96/url-shortener/internal/storage/storage.go:249.12,251.3 1 1
github.com/arseniy96/url-shortener/internal/storage/storage.go:252.2,252.19 1 1
github.com/arseniy96/url-shortener/internal/storage/storage.go:256.68,257.22 1 1
github.com/arseniy96/url-shortener/internal/storage/storage.go:257.22,261.17 4 1
github.com/arseniy96/url-shortener/internal/storage/storage.go:261.17,263.4 1 1
github.com/arseniy96/url-shortener/internal/storage/storage.go:264.3,264.27 1 1
github.com/arseniy96/url-shortener/internal/storage/storage.go:267.2,267.24 1 1
github.com/arseniy96/url-shortener/internal/storage/storage.go:271.73,272.22 1 1
github.com/arseniy96/url-shortener/internal/storage/storage.go:272.22,274.17 2 1
github.com/arseniy96/url-shortener/internal/storage/storage.go:274.17,276.4 1 0
github.com/arseniy96/url-shortener/internal/storage/storage.go:277.8,277.31 1 0
github.com/arseniy96/url-shortener/internal/storage/storage.go:277.31,279.17 2 0
github.com/arseniy96/url-shortener/internal/storage/storage.go:279.17,281.4 1 0
github.com/arseniy96/url-shortener/internal/storage/storage.go:282.3,283.16 2 0
github.com/arseniy96/url-shortener/internal/storage/storage.go:283.16,284.47 1 0
github.com/arseniy96/url-shortener/internal/storage/storage.go:284.47,286.5 1 0
github.com/arseniy96/url-shortener/internal/storage/storage.go:290.2,290.33 1 1
github.com/arseniy96/url-shortener/internal/storage/storage.go:290.33,291.25 1 1
github.com/arseniy96/url-shortener/internal/storage/storage.go:291.25,293.18 2 0
github.com/arseniy96/url-shortener/internal/storage/storage.go:293.18,295.5 1 0
github.com/arseniy96/url-shortener/internal/storage/storage.go:297.3,297.48 1 1
github.com/arseniy96/url-shortener/internal/storage/storage.go:300.2,300.12 1 1
github.com/arseniy96/url-shortener/internal/storage/storage.go:304.83,305.22 1 1
github.com/arseniy96/url-shortener/internal/storage/storage.go:305.22,307.17 2 1
github.com/arseniy96/url-shortener/internal/storage/storage.go:307.17,309.4 1 1
github.com/arseniy96/url-shortener/internal/storage/storage.go:310.3,311.17 2 1
github.com/arseniy96/url-shortener/internal/storage/storage.go:311.17,313.4 1 1
github.com/arseniy96/url-shortener/internal/storage/storage.go:314.3,314.22 1 1
github.com/arseniy96/url-shortener/internal/storage/storage.go:317.2,317.25 1 1
github.com/arseniy96/url-shortener/internal/storage/storage.go:321.80,322.22 1 1
github.com/arseniy96/url-shortener/internal/storage/storage.go:322.22,324.3 1 1
github.com/arseniy96/url-shortener/internal/storage/storage.go:326.2,326.25 1 1
github.com/arseniy96/url-shortener/internal/storage/storage.go:330.66,331.22 1 1
github.com/arseniy96/url-shortener/internal/storage/storage.go:331.22,333.3 1 1
github.com/arseniy96/url-shortener/internal/storage/storage.go:335.2,335.25 1 1
github.com/arseniy96/url-shortener/internal/storage/storage.go:339.80,340.22 1 1
github.com/arseniy96/url-shortener/internal/storage/storage.go:340.22,342.3 1 1
github.com/arseniy96/url-shortener/internal/storage/storage.go:344.2,344.20 1 1
github.com/arseniy96/url-shortener/internal/storage/storage.go:348.66,353.16 4 1
github.com/arseniy96/url-shortener/internal/storage/storage.go:353.16,355.3 1 1
github.com/arseniy96/url-shortener/internal/storage/storage.go:356.2,361.16 4 1
github.com/arseniy96/url-shortener/internal/storage/storage.go:361.16,363.3 1 1
github.com/arseniy96/url-shortener/internal/storage/storage.go:365.2,365.30 1 1
github.com/arseniy96/url-shortener/internal/storage/storage.go:365.30,366.27 1 1
github.com/arseniy96/url-shortener/internal/storage/storage.go:366.27,368.4 1 1
github.com/arseniy96/url-shortener/internal/storage/storage.go:371.2,371.30 1 1
github.com/arseniy96/url-shortener/internal/storage/storage.go:371.30,373.3 1 1
github.com/arseniy96/url-shortener/internal/storage/storage.go:375.2,375.59 1 1
github.com/arseniy96/url-shortener/internal/storage/storage.go:379.39,381.2 1 1
github.com/arseniy96/url-shortener/internal/storage/storage.go:384.43,386.2 1 1
github.com/arseniy96/url-shortener/internal/storage/storage.go:389.33,391.2 1 1
